[    65.460] (--) Log file renamed from "/home/xhebervoki/.local/share/xorg/Xorg.pid-1158.log" to "/home/xhebervoki/.local/share/xorg/Xorg.0.log"
[    65.473] 
X.Org X Server 1.20.1
X Protocol Version 11, Revision 0
[    65.473] Build Operating System: Linux 4.4.0-140-generic x86_64 Ubuntu
[    65.473] Current Operating System: Linux xhebervoki-Precision-T1700 4.18.0-15-generic #16~18.04.1-Ubuntu SMP Thu Feb 7 14:06:04 UTC 2019 x86_64
[    65.473] Kernel command line: BOOT_IMAGE=/boot/vmlinuz-4.18.0-15-generic root=UUID=a28f69a1-eee1-45fe-8b85-68682fc5dd29 ro quiet splash vt.handoff=1
[    65.473] Build Date: 27 November 2018  05:27:12PM
[    65.473] xorg-server-hwe-18.04 2:1.20.1-3ubuntu2.1~18.04.1 (For technical support please see http://www.ubuntu.com/support) 
[    65.473] Current version of pixman: 0.34.0
[    65.473] 	Before reporting problems, check http://wiki.x.org
	to make sure that you have the latest version.
[    65.473] Markers: (--) probed, (**) from config file, (==) default setting,
	(++) from command line, (!!) notice, (II) informational,
	(WW) warning, (EE) error, (NI) not implemented, (??) unknown.
[    65.473] (==) Log file: "/home/xhebervoki/.local/share/xorg/Xorg.0.log", Time: Mon Mar  4 08:18:48 2019
[    65.486] (==) Using system config directory "/usr/share/X11/xorg.conf.d"
[    65.494] (==) No Layout section.  Using the first Screen section.
[    65.495] (==) No screen section available. Using defaults.
[    65.495] (**) |-->Screen "Default Screen Section" (0)
[    65.495] (**) |   |-->Monitor "<default monitor>"
[    65.495] (==) No monitor specified for screen "Default Screen Section".
	Using a default monitor configuration.
[    65.495] (==) Automatically adding devices
[    65.495] (==) Automatically enabling devices
[    65.495] (==) Automatically adding GPU devices
[    65.495] (==) Automatically binding GPU devices
[    65.495] (==) Max clients allowed: 256, resource mask: 0x1fffff
[    65.495] (WW) The directory "/usr/share/fonts/X11/cyrillic" does not exist.
[    65.495] 	Entry deleted from font path.
[    65.495] (WW) The directory "/usr/share/fonts/X11/100dpi/" does not exist.
[    65.495] 	Entry deleted from font path.
[    65.495] (WW) The directory "/usr/share/fonts/X11/75dpi/" does not exist.
[    65.495] 	Entry deleted from font path.
[    65.495] (WW) The directory "/usr/share/fonts/X11/100dpi" does not exist.
[    65.495] 	Entry deleted from font path.
[    65.495] (WW) The directory "/usr/share/fonts/X11/75dpi" does not exist.
[    65.495] 	Entry deleted from font path.
[    65.495] (==) FontPath set to:
	/usr/share/fonts/X11/misc,
	/usr/share/fonts/X11/Type1,
	built-ins
[    65.495] (==) ModulePath set to "/usr/lib/xorg/modules"
[    65.495] (II) The server relies on udev to provide the list of input devices.
	If no devices become available, reconfigure udev or disable AutoAddDevices.
[    65.495] (II) Loader magic: 0x55b0fa808020
[    65.495] (II) Module ABI versions:
[    65.495] 	X.Org ANSI C Emulation: 0.4
[    65.495] 	X.Org Video Driver: 24.0
[    65.495] 	X.Org XInput driver : 24.1
[    65.495] 	X.Org Server Extension : 10.0
[    65.496] (++) using VT number 2

[    65.497] (II) systemd-logind: took control of session /org/freedesktop/login1/session/_32
[    65.497] (II) xfree86: Adding drm device (/dev/dri/card0)
[    65.498] (II) systemd-logind: got fd for /dev/dri/card0 226:0 fd 12 paused 0
[    65.499] (--) PCI:*(1@0:0:0) 10de:107c:10de:102f rev 161, Mem @ 0xf6000000/16777216, 0xe8000000/134217728, 0xf0000000/33554432, I/O @ 0x0000e000/128, BIOS @ 0x????????/131072
[    65.499] (II) LoadModule: "glx"
[    65.512] (II) Loading /usr/lib/xorg/modules/extensions/libglx.so
[    65.527] (II) Module glx: vendor="X.Org Foundation"
[    65.527] 	compiled for 1.20.1, module version = 1.0.0
[    65.527] 	ABI class: X.Org Server Extension, version 10.0
[    65.641] (==) Matched modesetting as autoconfigured driver 0
[    65.641] (==) Matched fbdev as autoconfigured driver 1
[    65.641] (==) Matched vesa as autoconfigured driver 2
[    65.641] (==) Assigned the driver to the xf86ConfigLayout
[    65.641] (II) LoadModule: "modesetting"
[    65.642] (II) Loading /usr/lib/xorg/modules/drivers/modesetting_drv.so
[    65.647] (II) Module modesetting: vendor="X.Org Foundation"
[    65.647] 	compiled for 1.20.1, module version = 1.20.1
[    65.647] 	Module class: X.Org Video Driver
[    65.647] 	ABI class: X.Org Video Driver, version 24.0
[    65.647] (II) LoadModule: "fbdev"
[    65.647] (II) Loading /usr/lib/xorg/modules/drivers/fbdev_drv.so
[    65.657] (II) Module fbdev: vendor="X.Org Foundation"
[    65.657] 	compiled for 1.20.1, module version = 0.5.0
[    65.657] 	Module class: X.Org Video Driver
[    65.657] 	ABI class: X.Org Video Driver, version 24.0
[    65.657] (II) LoadModule: "vesa"
[    65.657] (II) Loading /usr/lib/xorg/modules/drivers/vesa_drv.so
[    65.658] (II) Module vesa: vendor="X.Org Foundation"
[    65.658] 	compiled for 1.20.1, module version = 2.4.0
[    65.658] 	Module class: X.Org Video Driver
[    65.658] 	ABI class: X.Org Video Driver, version 24.0
[    65.658] (II) modesetting: Driver for Modesetting Kernel Drivers: kms
[    65.658] (II) FBDEV: driver for framebuffer: fbdev
[    65.658] (II) VESA: driver for VESA chipsets: vesa
[    65.658] xf86EnableIOPorts: failed to set IOPL for I/O (Operation not permitted)
[    65.658] (II) modeset(0): using drv /dev/dri/card0
[    65.658] (WW) Falling back to old probe method for fbdev
[    65.658] (II) Loading sub module "fbdevhw"
[    65.658] (II) LoadModule: "fbdevhw"
[    65.658] (II) Loading /usr/lib/xorg/modules/libfbdevhw.so
[    65.668] (II) Module fbdevhw: vendor="X.Org Foundation"
[    65.668] 	compiled for 1.20.1, module version = 0.0.2
[    65.668] 	ABI class: X.Org Video Driver, version 24.0
[    65.668] (EE) open /dev/fb0: Permission denied
[    65.668] (WW) VGA arbiter: cannot open kernel arbiter, no multi-card support
[    65.668] (II) modeset(0): Creating default Display subsection in Screen section
	"Default Screen Section" for depth/fbbpp 24/32
[    65.668] (==) modeset(0): Depth 24, (==) framebuffer bpp 32
[    65.668] (==) modeset(0): RGB weight 888
[    65.668] (==) modeset(0): Default visual is TrueColor
[    65.668] (II) Loading sub module "glamoregl"
[    65.668] (II) LoadModule: "glamoregl"
[    65.668] (II) Loading /usr/lib/xorg/modules/libglamoregl.so
[    65.679] (II) Module glamoregl: vendor="X.Org Foundation"
[    65.679] 	compiled for 1.20.1, module version = 1.0.1
[    65.679] 	ABI class: X.Org ANSI C Emulation, version 0.4
[    65.717] (II) modeset(0): glamor X acceleration enabled on NVD9
[    65.717] (II) modeset(0): glamor initialized
[    65.759] (II) modeset(0): Output DP-1 has no monitor section
[    65.772] (II) modeset(0): Output DP-2 has no monitor section
[    65.814] (II) modeset(0): EDID for output DP-1
[    65.814] (II) modeset(0): Manufacturer: DEL  Model: f04d  Serial#: 1144081747
[    65.814] (II) modeset(0): Year: 2014  Week: 17
[    65.814] (II) modeset(0): EDID Version: 1.3
[    65.814] (II) modeset(0): Digital Display Input
[    65.814] (II) modeset(0): Max Image Size [cm]: horiz.: 51  vert.: 29
[    65.814] (II) modeset(0): Gamma: 2.20
[    65.814] (II) modeset(0): DPMS capabilities: StandBy Suspend Off
[    65.814] (II) modeset(0): Supported color encodings: RGB 4:4:4 YCrCb 4:4:4 
[    65.814] (II) modeset(0): First detailed timing is preferred mode
[    65.814] (II) modeset(0): redX: 0.640 redY: 0.333   greenX: 0.312 greenY: 0.626
[    65.814] (II) modeset(0): blueX: 0.153 blueY: 0.070   whiteX: 0.313 whiteY: 0.329
[    65.814] (II) modeset(0): Supported established timings:
[    65.814] (II) modeset(0): 720x400@70Hz
[    65.814] (II) modeset(0): 640x480@60Hz
[    65.814] (II) modeset(0): 640x480@75Hz
[    65.814] (II) modeset(0): 800x600@60Hz
[    65.814] (II) modeset(0): 800x600@75Hz
[    65.814] (II) modeset(0): 1024x768@60Hz
[    65.814] (II) modeset(0): 1024x768@75Hz
[    65.814] (II) modeset(0): 1280x1024@75Hz
[    65.814] (II) modeset(0): Manufacturer's mask: 0
[    65.814] (II) modeset(0): Supported standard timings:
[    65.814] (II) modeset(0): #0: hsize: 1152  vsize 864  refresh: 75  vid: 20337
[    65.814] (II) modeset(0): #1: hsize: 1280  vsize 1024  refresh: 60  vid: 32897
[    65.814] (II) modeset(0): #2: hsize: 1600  vsize 900  refresh: 60  vid: 49321
[    65.814] (II) modeset(0): #3: hsize: 1920  vsize 1080  refresh: 60  vid: 49361
[    65.814] (II) modeset(0): Supported detailed timing:
[    65.815] (II) modeset(0): clock: 148.5 MHz   Image Size:  509 x 286 mm
[    65.815] (II) modeset(0): h_active: 1920  h_sync: 2008  h_sync_end 2052 h_blank_end 2200 h_border: 0
[    65.815] (II) modeset(0): v_active: 1080  v_sync: 1084  v_sync_end 1089 v_blanking: 1125 v_border: 0
[    65.815] (II) modeset(0): Serial No: MNMNW44ND1MS
[    65.815] (II) modeset(0): Monitor name: DELL E2314H
[    65.815] (II) modeset(0): Ranges: V min: 56 V max: 76 Hz, H min: 30 H max: 83 kHz, PixClock max 175 MHz
[    65.815] (II) modeset(0): EDID (in hex):
[    65.815] (II) modeset(0): 	00ffffffffffff0010ac4df0534d3144
[    65.815] (II) modeset(0): 	1118010380331d78eadd45a3554fa027
[    65.815] (II) modeset(0): 	125054a54b00714f8180a9c0d1c00101
[    65.815] (II) modeset(0): 	010101010101023a801871382d40582c
[    65.815] (II) modeset(0): 	4500fd1e1100001e000000ff004d4e4d
[    65.815] (II) modeset(0): 	4e5734344e44314d530a000000fc0044
[    65.815] (II) modeset(0): 	454c4c204532333134480a20000000fd
[    65.815] (II) modeset(0): 	00384c1e5311000a2020202020200017
[    65.815] (II) modeset(0): Not using default mode "1680x1050" (bad mode clock/interlace/doublescan)
[    65.815] (II) modeset(0): Not using default mode "1440x810" (bad mode clock/interlace/doublescan)
[    65.815] (II) modeset(0): Not using default mode "1600x900" (bad mode clock/interlace/doublescan)
[    65.815] (II) modeset(0): Not using default mode "1600x900" (bad mode clock/interlace/doublescan)
[    65.815] (II) modeset(0): Not using default mode "1920x1080" (bad mode clock/interlace/doublescan)
[    65.815] (II) modeset(0): Printing probed modes for output DP-1
[    65.815] (II) modeset(0): Modeline "1920x1080"x60.0  148.50  1920 2008 2052 2200  1080 1084 1089 1125 +hsync +vsync (67.5 kHz eP)
[    65.815] (II) modeset(0): Modeline "1920x1080"x60.0  173.00  1920 2048 2248 2576  1080 1083 1088 1120 -hsync +vsync (67.2 kHz d)
[    65.815] (II) modeset(0): Modeline "1920x1080"x59.9  138.50  1920 1968 2000 2080  1080 1083 1088 1111 +hsync -vsync (66.6 kHz d)
[    65.815] (II) modeset(0): Modeline "1680x1050"x69.9  174.00  1680 1800 1976 2272  1050 1053 1059 1096 -hsync +vsync (76.6 kHz d)
[    65.815] (II) modeset(0): Modeline "1680x1050"x60.0  146.25  1680 1784 1960 2240  1050 1053 1059 1089 -hsync +vsync (65.3 kHz d)
[    65.815] (II) modeset(0): Modeline "1680x1050"x59.9  119.00  1680 1728 1760 1840  1050 1053 1059 1080 +hsync -vsync (64.7 kHz d)
[    65.815] (II) modeset(0): Modeline "1600x1024"x60.2  103.12  1600 1600 1656 1664  1024 1024 1029 1030 +hsync +vsync (62.0 kHz d)
[    65.815] (II) modeset(0): Modeline "1400x1050"x74.8  155.80  1400 1464 1784 1912  1050 1052 1064 1090 +hsync +vsync (81.5 kHz d)
[    65.815] (II) modeset(0): Modeline "1400x1050"x70.0  145.06  1400 1496 1648 1896  1050 1051 1054 1093 -hsync +vsync (76.5 kHz d)
[    65.815] (II) modeset(0): Modeline "1400x1050"x60.0  122.00  1400 1488 1640 1880  1050 1052 1064 1082 +hsync +vsync (64.9 kHz d)
[    65.815] (II) modeset(0): Modeline "1600x900"x59.9  118.25  1600 1696 1856 2112  900 903 908 934 -hsync +vsync (56.0 kHz d)
[    65.815] (II) modeset(0): Modeline "1600x900"x60.0  108.00  1600 1624 1704 1800  900 901 904 1000 +hsync +vsync (60.0 kHz e)
[    65.815] (II) modeset(0): Modeline "1600x900"x59.8   97.50  1600 1648 1680 1760  900 903 908 926 +hsync -vsync (55.4 kHz d)
[    65.815] (II) modeset(0): Modeline "1280x1024"x75.0  135.00  1280 1296 1440 1688  1024 1025 1028 1066 +hsync +vsync (80.0 kHz e)
[    65.815] (II) modeset(0): Modeline "1280x1024"x60.0  108.00  1280 1328 1440 1688  1024 1025 1028 1066 +hsync +vsync (64.0 kHz e)
[    65.815] (II) modeset(0): Modeline "1440x900"x59.9  106.50  1440 1520 1672 1904  900 903 909 934 -hsync +vsync (55.9 kHz d)
[    65.815] (II) modeset(0): Modeline "1400x900"x60.0  103.50  1400 1480 1624 1848  900 903 913 934 -hsync +vsync (56.0 kHz d)
[    65.815] (II) modeset(0): Modeline "1400x900"x59.9   86.50  1400 1448 1480 1560  900 903 913 926 +hsync -vsync (55.4 kHz d)
[    65.815] (II) modeset(0): Modeline "1280x960"x60.0  108.00  1280 1376 1488 1800  960 961 964 1000 +hsync +vsync (60.0 kHz d)
[    65.815] (II) modeset(0): Modeline "1440x810"x60.0  151.88  1440 1464 1480 1520  810 811 814 833 doublescan +hsync -vsync (99.9 kHz d)
[    65.815] (II) modeset(0): Modeline "1368x768"x59.9   85.25  1368 1440 1576 1784  768 771 781 798 -hsync +vsync (47.8 kHz d)
[    65.815] (II) modeset(0): Modeline "1368x768"x59.9   72.25  1368 1416 1448 1528  768 771 781 790 +hsync -vsync (47.3 kHz d)
[    65.815] (II) modeset(0): Modeline "1360x768"x59.8   84.75  1360 1432 1568 1776  768 771 781 798 -hsync +vsync (47.7 kHz d)
[    65.815] (II) modeset(0): Modeline "1360x768"x60.0   72.00  1360 1408 1440 1520  768 771 781 790 +hsync -vsync (47.4 kHz d)
[    65.815] (II) modeset(0): Modeline "1280x800"x60.0  174.25  1280 1380 1516 1752  800 801 804 829 doublescan -hsync +vsync (99.5 kHz d)
[    65.815] (II) modeset(0): Modeline "1280x800"x60.0  134.25  1280 1304 1320 1360  800 801 804 823 doublescan +hsync -vsync (98.7 kHz d)
[    65.815] (II) modeset(0): Modeline "1280x800"x59.8   83.50  1280 1352 1480 1680  800 803 809 831 -hsync +vsync (49.7 kHz d)
[    65.815] (II) modeset(0): Modeline "1280x800"x59.9   71.00  1280 1328 1360 1440  800 803 809 823 +hsync -vsync (49.3 kHz d)
[    65.815] (II) modeset(0): Modeline "1152x864"x75.0  108.00  1152 1216 1344 1600  864 865 868 900 +hsync +vsync (67.5 kHz e)
[    65.815] (II) modeset(0): Modeline "1152x864"x75.0  104.99  1152 1224 1352 1552  864 865 868 902 -hsync +vsync (67.6 kHz d)
[    65.815] (II) modeset(0): Modeline "1152x864"x70.0   96.77  1152 1224 1344 1536  864 865 868 900 -hsync +vsync (63.0 kHz d)
[    65.815] (II) modeset(0): Modeline "1152x864"x60.0   81.62  1152 1216 1336 1520  864 865 868 895 -hsync +vsync (53.7 kHz d)
[    65.815] (II) modeset(0): Modeline "1280x720"x60.0  156.12  1280 1376 1512 1744  720 721 724 746 doublescan -hsync +vsync (89.5 kHz d)
[    65.815] (II) modeset(0): Modeline "1280x720"x60.0  120.75  1280 1304 1320 1360  720 721 724 740 doublescan +hsync -vsync (88.8 kHz d)
[    65.815] (II) modeset(0): Modeline "1280x720"x59.9   74.50  1280 1344 1472 1664  720 723 728 748 -hsync +vsync (44.8 kHz d)
[    65.815] (II) modeset(0): Modeline "1280x720"x59.7   63.75  1280 1328 1360 1440  720 723 728 741 +hsync -vsync (44.3 kHz d)
[    65.815] (II) modeset(0): Modeline "1024x768"x75.0  170.24  1024 1108 1220 1416  768 768 770 801 doublescan -hsync +vsync (120.2 kHz d)
[    65.815] (II) modeset(0): Modeline "1024x768"x60.0  133.47  1024 1100 1212 1400  768 768 770 794 doublescan -hsync +vsync (95.3 kHz d)
[    65.815] (II) modeset(0): Modeline "1024x768"x75.0   78.75  1024 1040 1136 1312  768 769 772 800 +hsync +vsync (60.0 kHz e)
[    65.815] (II) modeset(0): Modeline "1024x768"x70.1   75.00  1024 1048 1184 1328  768 771 777 806 -hsync -vsync (56.5 kHz d)
[    65.815] (II) modeset(0): Modeline "1024x768"x60.0   65.00  1024 1048 1184 1344  768 771 777 806 -hsync -vsync (48.4 kHz e)
[    65.815] (II) modeset(0): Modeline "960x720"x75.0  148.50  960 1032 1144 1320  720 720 722 750 doublescan -hsync +vsync (112.5 kHz d)
[    65.815] (II) modeset(0): Modeline "960x720"x60.0  117.00  960 1024 1128 1300  720 720 722 750 doublescan -hsync +vsync (90.0 kHz d)
[    65.815] (II) modeset(0): Modeline "928x696"x75.0  144.00  928 992 1104 1280  696 696 698 750 doublescan -hsync +vsync (112.5 kHz d)
[    65.815] (II) modeset(0): Modeline "928x696"x60.1  109.15  928 976 1088 1264  696 696 698 719 doublescan -hsync +vsync (86.4 kHz d)
[    65.815] (II) modeset(0): Modeline "896x672"x75.0  130.50  896 944 1052 1228  672 672 674 708 doublescan -hsync +vsync (106.3 kHz d)
[    65.815] (II) modeset(0): Modeline "896x672"x60.0  102.40  896 960 1060 1224  672 672 674 697 doublescan -hsync +vsync (83.7 kHz d)
[    65.815] (II) modeset(0): Modeline "1024x576"x60.0   98.50  1024 1092 1200 1376  576 577 580 597 doublescan -hsync +vsync (71.6 kHz d)
[    65.815] (II) modeset(0): Modeline "1024x576"x60.0   78.38  1024 1048 1064 1104  576 577 580 592 doublescan +hsync -vsync (71.0 kHz d)
[    65.815] (II) modeset(0): Modeline "1024x576"x59.9   46.50  1024 1064 1160 1296  576 579 584 599 -hsync +vsync (35.9 kHz d)
[    65.815] (II) modeset(0): Modeline "1024x576"x59.8   42.00  1024 1072 1104 1184  576 579 584 593 +hsync -vsync (35.5 kHz d)
[    65.815] (II) modeset(0): Modeline "960x600"x59.9   96.62  960 1028 1128 1296  600 601 604 622 doublescan -hsync +vsync (74.6 kHz d)
[    65.815] (II) modeset(0): Modeline "960x600"x60.0   77.00  960 984 1000 1040  600 601 604 617 doublescan +hsync -vsync (74.0 kHz d)
[    65.815] (II) modeset(0): Modeline "832x624"x74.6   57.28  832 864 928 1152  624 625 628 667 -hsync -vsync (49.7 kHz d)
[    65.815] (II) modeset(0): Modeline "960x540"x60.0   86.50  960 1024 1124 1288  540 541 544 560 doublescan -hsync +vsync (67.2 kHz d)
[    65.815] (II) modeset(0): Modeline "960x540"x60.0   69.25  960 984 1000 1040  540 541 544 555 doublescan +hsync -vsync (66.6 kHz d)
[    65.815] (II) modeset(0): Modeline "960x540"x59.6   40.75  960 992 1088 1216  540 543 548 562 -hsync +vsync (33.5 kHz d)
[    65.815] (II) modeset(0): Modeline "960x540"x59.8   37.25  960 1008 1040 1120  540 543 548 556 +hsync -vsync (33.3 kHz d)
[    65.815] (II) modeset(0): Modeline "800x600"x75.0  101.25  800 832 928 1080  600 600 602 625 doublescan +hsync +vsync (93.8 kHz d)
[    65.815] (II) modeset(0): Modeline "800x600"x70.0   94.50  800 832 928 1080  600 600 602 625 doublescan +hsync +vsync (87.5 kHz d)
[    65.815] (II) modeset(0): Modeline "800x600"x65.0   87.75  800 832 928 1080  600 600 602 625 doublescan +hsync +vsync (81.2 kHz d)
[    65.815] (II) modeset(0): Modeline "800x600"x60.0   81.00  800 832 928 1080  600 600 602 625 doublescan +hsync +vsync (75.0 kHz d)
[    65.815] (II) modeset(0): Modeline "800x600"x72.2   50.00  800 856 976 1040  600 637 643 666 +hsync +vsync (48.1 kHz d)
[    65.815] (II) modeset(0): Modeline "800x600"x75.0   49.50  800 816 896 1056  600 601 604 625 +hsync +vsync (46.9 kHz e)
[    65.815] (II) modeset(0): Modeline "800x600"x60.3   40.00  800 840 968 1056  600 601 605 628 +hsync +vsync (37.9 kHz e)
[    65.815] (II) modeset(0): Modeline "800x600"x56.2   36.00  800 824 896 1024  600 601 603 625 +hsync +vsync (35.2 kHz d)
[    65.815] (II) modeset(0): Modeline "840x525"x75.0   93.50  840 900 988 1136  525 526 529 549 doublescan -hsync +vsync (82.3 kHz d)
[    65.815] (II) modeset(0): Modeline "840x525"x69.9   87.00  840 900 988 1136  525 526 529 548 doublescan -hsync +vsync (76.6 kHz d)
[    65.815] (II) modeset(0): Modeline "840x525"x60.0   73.12  840 892 980 1120  525 526 529 544 doublescan -hsync +vsync (65.3 kHz d)
[    65.815] (II) modeset(0): Modeline "840x525"x59.9   59.50  840 864 880 920  525 526 529 540 doublescan +hsync -vsync (64.7 kHz d)
[    65.815] (II) modeset(0): Modeline "864x486"x59.9   32.50  864 888 968 1072  486 489 494 506 -hsync +vsync (30.3 kHz d)
[    65.815] (II) modeset(0): Modeline "864x486"x59.6   30.50  864 912 944 1024  486 489 494 500 +hsync -vsync (29.8 kHz d)
[    65.815] (II) modeset(0): Modeline "800x512"x60.2   51.56  800 800 828 832  512 512 514 515 doublescan +hsync +vsync (62.0 kHz d)
[    65.815] (II) modeset(0): Modeline "700x525"x74.8   77.90  700 732 892 956  525 526 532 545 doublescan +hsync +vsync (81.5 kHz d)
[    65.815] (II) modeset(0): Modeline "700x525"x70.1   72.53  700 748 824 948  525 525 527 546 doublescan -hsync +vsync (76.5 kHz d)
[    65.815] (II) modeset(0): Modeline "700x525"x60.0   61.00  700 744 820 940  525 526 532 541 doublescan +hsync +vsync (64.9 kHz d)
[    65.815] (II) modeset(0): Modeline "800x450"x59.9   59.12  800 848 928 1056  450 451 454 467 doublescan -hsync +vsync (56.0 kHz d)
[    65.815] (II) modeset(0): Modeline "800x450"x59.8   48.75  800 824 840 880  450 451 454 463 doublescan +hsync -vsync (55.4 kHz d)
[    65.815] (II) modeset(0): Modeline "640x512"x75.0   67.50  640 648 720 844  512 512 514 533 doublescan +hsync +vsync (80.0 kHz d)
[    65.815] (II) modeset(0): Modeline "640x512"x60.0   54.00  640 664 720 844  512 512 514 533 doublescan +hsync +vsync (64.0 kHz d)
[    65.815] (II) modeset(0): Modeline "720x450"x59.9   53.25  720 760 836 952  450 451 454 467 doublescan -hsync +vsync (55.9 kHz d)
[    65.815] (II) modeset(0): Modeline "700x450"x60.0   51.75  700 740 812 924  450 451 456 467 doublescan -hsync +vsync (56.0 kHz d)
[    65.815] (II) modeset(0): Modeline "700x450"x59.9   43.25  700 724 740 780  450 451 456 463 doublescan +hsync -vsync (55.4 kHz d)
[    65.815] (II) modeset(0): Modeline "640x480"x60.0   54.00  640 688 744 900  480 480 482 500 doublescan +hsync +vsync (60.0 kHz d)
[    65.815] (II) modeset(0): Modeline "640x480"x75.0   31.50  640 656 720 840  480 481 484 500 -hsync -vsync (37.5 kHz e)
[    65.815] (II) modeset(0): Modeline "640x480"x72.8   31.50  640 664 704 832  480 489 492 520 -hsync -vsync (37.9 kHz d)
[    65.815] (II) modeset(0): Modeline "640x480"x75.0   31.50  640 656 720 840  480 481 484 500 -hsync -vsync (37.5 kHz d)
[    65.815] (II) modeset(0): Modeline "640x480"x59.9   25.18  640 656 752 800  480 490 492 525 -hsync -vsync (31.5 kHz e)
[    65.815] (II) modeset(0): Modeline "720x405"x59.5   22.50  720 744 808 896  405 408 413 422 -hsync +vsync (25.1 kHz d)
[    65.815] (II) modeset(0): Modeline "720x405"x59.0   21.75  720 768 800 880  405 408 413 419 +hsync -vsync (24.7 kHz d)
[    65.815] (II) modeset(0): Modeline "720x400"x70.1   28.32  720 738 846 900  400 412 414 449 -hsync +vsync (31.5 kHz e)
[    65.815] (II) modeset(0): Modeline "684x384"x59.9   42.62  684 720 788 892  384 385 390 399 doublescan -hsync +vsync (47.8 kHz d)
[    65.815] (II) modeset(0): Modeline "684x384"x59.9   36.12  684 708 724 764  384 385 390 395 doublescan +hsync -vsync (47.3 kHz d)
[    65.815] (II) modeset(0): Modeline "680x384"x59.8   42.38  680 716 784 888  384 385 390 399 doublescan -hsync +vsync (47.7 kHz d)
[    65.815] (II) modeset(0): Modeline "680x384"x60.0   36.00  680 704 720 760  384 385 390 395 doublescan +hsync -vsync (47.4 kHz d)
[    65.815] (II) modeset(0): Modeline "640x400"x59.9   41.75  640 676 740 840  400 401 404 415 doublescan -hsync +vsync (49.7 kHz d)
[    65.815] (II) modeset(0): Modeline "640x400"x60.0   35.50  640 664 680 720  400 401 404 411 doublescan +hsync -vsync (49.3 kHz d)
[    65.815] (II) modeset(0): Modeline "576x432"x75.0   54.00  576 608 672 800  432 432 434 450 doublescan +hsync +vsync (67.5 kHz d)
[    65.815] (II) modeset(0): Modeline "576x432"x75.0   52.49  576 612 676 776  432 432 434 451 doublescan -hsync +vsync (67.6 kHz d)
[    65.815] (II) modeset(0): Modeline "576x432"x70.0   48.38  576 612 672 768  432 432 434 450 doublescan -hsync +vsync (63.0 kHz d)
[    65.815] (II) modeset(0): Modeline "576x432"x60.1   40.81  576 608 668 760  432 432 434 447 doublescan -hsync +vsync (53.7 kHz d)
[    65.815] (II) modeset(0): Modeline "640x360"x59.9   37.25  640 672 736 832  360 361 364 374 doublescan -hsync +vsync (44.8 kHz d)
[    65.815] (II) modeset(0): Modeline "640x360"x59.8   31.88  640 664 680 720  360 361 364 370 doublescan +hsync -vsync (44.3 kHz d)
[    65.815] (II) modeset(0): Modeline "640x360"x59.8   18.00  640 664 720 800  360 363 368 376 -hsync +vsync (22.5 kHz d)
[    65.815] (II) modeset(0): Modeline "640x360"x59.3   17.75  640 688 720 800  360 363 368 374 +hsync -vsync (22.2 kHz d)
[    65.816] (II) modeset(0): Modeline "512x384"x75.0   39.38  512 520 568 656  384 384 386 400 doublescan +hsync +vsync (60.0 kHz d)
[    65.816] (II) modeset(0): Modeline "512x384"x70.1   37.50  512 524 592 664  384 385 388 403 doublescan -hsync -vsync (56.5 kHz d)
[    65.816] (II) modeset(0): Modeline "512x384"x60.0   32.50  512 524 592 672  384 385 388 403 doublescan -hsync -vsync (48.4 kHz d)
[    65.816] (II) modeset(0): Modeline "512x288"x60.0   23.25  512 532 580 648  288 289 292 299 doublescan -hsync +vsync (35.9 kHz d)
[    65.816] (II) modeset(0): Modeline "512x288"x59.9   21.00  512 536 552 592  288 289 292 296 doublescan +hsync -vsync (35.5 kHz d)
[    65.816] (II) modeset(0): Modeline "416x312"x74.7   28.64  416 432 464 576  312 312 314 333 doublescan -hsync -vsync (49.7 kHz d)
[    65.816] (II) modeset(0): Modeline "480x270"x59.6   20.38  480 496 544 608  270 271 274 281 doublescan -hsync +vsync (33.5 kHz d)
[    65.816] (II) modeset(0): Modeline "480x270"x59.8   18.62  480 504 520 560  270 271 274 278 doublescan +hsync -vsync (33.3 kHz d)
[    65.816] (II) modeset(0): Modeline "400x300"x72.2   25.00  400 428 488 520  300 318 321 333 doublescan +hsync +vsync (48.1 kHz d)
[    65.816] (II) modeset(0): Modeline "400x300"x75.1   24.75  400 408 448 528  300 300 302 312 doublescan +hsync +vsync (46.9 kHz d)
[    65.816] (II) modeset(0): Modeline "400x300"x60.3   20.00  400 420 484 528  300 300 302 314 doublescan +hsync +vsync (37.9 kHz d)
[    65.816] (II) modeset(0): Modeline "400x300"x56.3   18.00  400 412 448 512  300 300 301 312 doublescan +hsync +vsync (35.2 kHz d)
[    65.816] (II) modeset(0): Modeline "432x243"x59.9   16.25  432 444 484 536  243 244 247 253 doublescan -hsync +vsync (30.3 kHz d)
[    65.816] (II) modeset(0): Modeline "432x243"x59.6   15.25  432 456 472 512  243 244 247 250 doublescan +hsync -vsync (29.8 kHz d)
[    65.816] (II) modeset(0): Modeline "320x240"x72.8   15.75  320 332 352 416  240 244 246 260 doublescan -hsync -vsync (37.9 kHz d)
[    65.816] (II) modeset(0): Modeline "320x240"x75.0   15.75  320 328 360 420  240 240 242 250 doublescan -hsync -vsync (37.5 kHz d)
[    65.816] (II) modeset(0): Modeline "320x240"x60.1   12.59  320 328 376 400  240 245 246 262 doublescan -hsync -vsync (31.5 kHz d)
[    65.816] (II) modeset(0): Modeline "360x202"x59.5   11.25  360 372 404 448  202 204 206 211 doublescan -hsync +vsync (25.1 kHz d)
[    65.816] (II) modeset(0): Modeline "360x202"x59.1   10.88  360 384 400 440  202 204 206 209 doublescan +hsync -vsync (24.7 kHz d)
[    65.816] (II) modeset(0): Modeline "320x180"x59.8    9.00  320 332 360 400  180 181 184 188 doublescan -hsync +vsync (22.5 kHz d)
[    65.816] (II) modeset(0): Modeline "320x180"x59.3    8.88  320 344 360 400  180 181 184 187 doublescan +hsync -vsync (22.2 kHz d)
[    65.828] (II) modeset(0): EDID for output DP-2
[    65.828] (II) modeset(0): Output DP-1 connected
[    65.828] (II) modeset(0): Output DP-2 disconnected
[    65.828] (II) modeset(0): Using exact sizes for initial modes
[    65.828] (II) modeset(0): Output DP-1 using initial mode 1920x1080 +0+0
[    65.828] (==) modeset(0): Using gamma correction (1.0, 1.0, 1.0)
[    65.828] (==) modeset(0): DPI set to (96, 96)
[    65.828] (II) Loading sub module "fb"
[    65.828] (II) LoadModule: "fb"
[    65.828] (II) Loading /usr/lib/xorg/modules/libfb.so
[    65.835] (II) Module fb: vendor="X.Org Foundation"
[    65.835] 	compiled for 1.20.1, module version = 1.0.0
[    65.835] 	ABI class: X.Org ANSI C Emulation, version 0.4
[    65.835] (II) UnloadModule: "fbdev"
[    65.835] (II) Unloading fbdev
[    65.835] (II) UnloadSubModule: "fbdevhw"
[    65.835] (II) Unloading fbdevhw
[    65.835] (II) UnloadModule: "vesa"
[    65.835] (II) Unloading vesa
[    65.925] (==) modeset(0): Backing store enabled
[    65.925] (==) modeset(0): Silken mouse enabled
[    65.937] (II) modeset(0): Initializing kms color map for depth 24, 8 bpc.
[    65.937] (==) modeset(0): DPMS enabled
[    65.937] (II) modeset(0): [DRI2] Setup complete
[    65.937] (II) modeset(0): [DRI2]   DRI driver: nouveau
[    65.937] (II) modeset(0): [DRI2]   VDPAU driver: nouveau
[    65.937] (II) Initializing extension Generic Event Extension
[    65.938] (II) Initializing extension SHAPE
[    65.938] (II) Initializing extension MIT-SHM
[    65.938] (II) Initializing extension XInputExtension
[    65.950] (II) Initializing extension XTEST
[    65.950] (II) Initializing extension BIG-REQUESTS
[    65.950] (II) Initializing extension SYNC
[    65.950] (II) Initializing extension XKEYBOARD
[    65.951] (II) Initializing extension XC-MISC
[    65.951] (II) Initializing extension SECURITY
[    65.951] (II) Initializing extension XFIXES
[    65.951] (II) Initializing extension RENDER
[    65.951] (II) Initializing extension RANDR
[    65.951] (II) Initializing extension COMPOSITE
[    65.951] (II) Initializing extension DAMAGE
[    65.951] (II) Initializing extension MIT-SCREEN-SAVER
[    65.951] (II) Initializing extension DOUBLE-BUFFER
[    65.952] (II) Initializing extension RECORD
[    65.952] (II) Initializing extension DPMS
[    65.952] (II) Initializing extension Present
[    65.952] (II) Initializing extension DRI3
[    65.952] (II) Initializing extension X-Resource
[    65.952] (II) Initializing extension XVideo
[    65.952] (II) Initializing extension XVideo-MotionCompensation
[    65.952] (II) Initializing extension SELinux
[    65.952] (II) SELinux: Disabled on system
[    65.952] (II) Initializing extension GLX
[    65.956] (II) AIGLX: Loaded and initialized nouveau
[    65.956] (II) GLX: Initialized DRI2 GL provider for screen 0
[    65.956] (II) Initializing extension XFree86-VidModeExtension
[    65.956] (II) Initializing extension XFree86-DGA
[    65.957] (II) Initializing extension XFree86-DRI
[    65.957] (II) Initializing extension DRI2
[    65.958] (II) modeset(0): Damage tracking initialized
[    65.958] (II) modeset(0): Setting screen physical size to 508 x 285
[    66.009] (II) config/udev: Adding input device Power Button (/dev/input/event1)
[    66.009] (**) Power Button: Applying InputClass "libinput keyboard catchall"
[    66.009] (II) LoadModule: "libinput"
[    66.009] (II) Loading /usr/lib/xorg/modules/input/libinput_drv.so
[    66.011] (II) Module libinput: vendor="X.Org Foundation"
[    66.011] 	compiled for 1.20.1, module version = 0.28.1
[    66.011] 	Module class: X.Org XInput Driver
[    66.011] 	ABI class: X.Org XInput driver, version 24.1
[    66.011] (II) Using input driver 'libinput' for 'Power Button'
[    66.011] (II) systemd-logind: got fd for /dev/input/event1 13:65 fd 24 paused 0
[    66.011] (**) Power Button: always reports core events
[    66.011] (**) Option "Device" "/dev/input/event1"
[    66.011] (**) Option "_source" "server/udev"
[    66.012] (II) event1  - Power Button: is tagged by udev as: Keyboard
[    66.012] (II) event1  - Power Button: device is a keyboard
[    66.012] (II) event1  - Power Button: device removed
[    66.012] (**) Option "config_info" "udev:/sys/devices/LNXSYSTM:00/LNXPWRBN:00/input/input1/event1"
[    66.012] (II) XINPUT: Adding extended input device "Power Button" (type: KEYBOARD, id 6)
[    66.012] (**) Option "xkb_model" "pc105"
[    66.012] (**) Option "xkb_layout" "us"
[    66.012] (II) event1  - Power Button: is tagged by udev as: Keyboard
[    66.012] (II) event1  - Power Button: device is a keyboard
[    66.013] (II) config/udev: Adding input device Power Button (/dev/input/event0)
[    66.013] (**) Power Button: Applying InputClass "libinput keyboard catchall"
[    66.013] (II) Using input driver 'libinput' for 'Power Button'
[    66.013] (II) systemd-logind: got fd for /dev/input/event0 13:64 fd 27 paused 0
[    66.013] (**) Power Button: always reports core events
[    66.013] (**) Option "Device" "/dev/input/event0"
[    66.013] (**) Option "_source" "server/udev"
[    66.013] (II) event0  - Power Button: is tagged by udev as: Keyboard
[    66.013] (II) event0  - Power Button: device is a keyboard
[    66.013] (II) event0  - Power Button: device removed
[    66.013] (**) Option "config_info" "udev:/sys/devices/LNXSYSTM:00/LNXSYBUS:00/PNP0C0C:00/input/input0/event0"
[    66.013] (II) XINPUT: Adding extended input device "Power Button" (type: KEYBOARD, id 7)
[    66.013] (**) Option "xkb_model" "pc105"
[    66.014] (**) Option "xkb_layout" "us"
[    66.014] (II) event0  - Power Button: is tagged by udev as: Keyboard
[    66.014] (II) event0  - Power Button: device is a keyboard
[    66.015] (II) config/udev: Adding input device HDA NVidia HDMI/DP,pcm=3 (/dev/input/event6)
[    66.015] (II) No input driver specified, ignoring this device.
[    66.015] (II) This device may have been added with another device file.
[    66.015] (II) config/udev: Adding input device HDA NVidia HDMI/DP,pcm=7 (/dev/input/event7)
[    66.015] (II) No input driver specified, ignoring this device.
[    66.015] (II) This device may have been added with another device file.
[    66.015] (II) config/udev: Adding input device HDA Intel PCH Line Out (/dev/input/event10)
[    66.015] (II) No input driver specified, ignoring this device.
[    66.015] (II) This device may have been added with another device file.
[    66.016] (II) config/udev: Adding input device HDA Intel PCH Front Headphone (/dev/input/event11)
[    66.016] (II) No input driver specified, ignoring this device.
[    66.016] (II) This device may have been added with another device file.
[    66.016] (II) config/udev: Adding input device HDA Intel PCH Front Mic (/dev/input/event8)
[    66.016] (II) No input driver specified, ignoring this device.
[    66.016] (II) This device may have been added with another device file.
[    66.016] (II) config/udev: Adding input device HDA Intel PCH Rear Mic (/dev/input/event9)
[    66.016] (II) No input driver specified, ignoring this device.
[    66.016] (II) This device may have been added with another device file.
[    66.016] (II) config/udev: Adding input device PixArt USB Optical Mouse (/dev/input/event2)
[    66.017] (**) PixArt USB Optical Mouse: Applying InputClass "libinput pointer catchall"
[    66.017] (II) Using input driver 'libinput' for 'PixArt USB Optical Mouse'
[    66.017] (II) systemd-logind: got fd for /dev/input/event2 13:66 fd 28 paused 0
[    66.017] (**) PixArt USB Optical Mouse: always reports core events
[    66.017] (**) Option "Device" "/dev/input/event2"
[    66.017] (**) Option "_source" "server/udev"
[    66.017] (II) event2  - PixArt USB Optical Mouse: is tagged by udev as: Mouse
[    66.017] (II) event2  - PixArt USB Optical Mouse: device set to 1000 DPI
[    66.017] (II) event2  - PixArt USB Optical Mouse: device is a pointer
[    66.017] (II) event2  - PixArt USB Optical Mouse: device removed
[    66.017] (**) Option "config_info" "udev:/sys/devices/pci0000:00/0000:00:1d.0/usb2/2-1/2-1.5/2-1.5:1.0/0003:093A:2510.0001/input/input2/event2"
[    66.017] (II) XINPUT: Adding extended input device "PixArt USB Optical Mouse" (type: MOUSE, id 8)
[    66.018] (**) Option "AccelerationScheme" "none"
[    66.018] (**) PixArt USB Optical Mouse: (accel) selected scheme none/0
[    66.018] (**) PixArt USB Optical Mouse: (accel) acceleration factor: 2.000
[    66.018] (**) PixArt USB Optical Mouse: (accel) acceleration threshold: 4
[    66.018] (II) event2  - PixArt USB Optical Mouse: is tagged by udev as: Mouse
[    66.018] (II) event2  - PixArt USB Optical Mouse: device set to 1000 DPI
[    66.018] (II) event2  - PixArt USB Optical Mouse: device is a pointer
[    66.018] (II) config/udev: Adding input device PixArt USB Optical Mouse (/dev/input/mouse0)
[    66.018] (II) No input driver specified, ignoring this device.
[    66.018] (II) This device may have been added with another device file.
[    66.019] (II) config/udev: Adding input device Fujitsu Fujitsu Keyboard (/dev/input/event3)
[    66.019] (**) Fujitsu Fujitsu Keyboard: Applying InputClass "libinput keyboard catchall"
[    66.019] (II) Using input driver 'libinput' for 'Fujitsu Fujitsu Keyboard'
[    66.019] (II) systemd-logind: got fd for /dev/input/event3 13:67 fd 29 paused 0
[    66.019] (**) Fujitsu Fujitsu Keyboard: always reports core events
[    66.019] (**) Option "Device" "/dev/input/event3"
[    66.019] (**) Option "_source" "server/udev"
[    66.020] (II) event3  - Fujitsu Fujitsu Keyboard: is tagged by udev as: Keyboard
[    66.020] (II) event3  - Fujitsu Fujitsu Keyboard: device is a keyboard
[    66.020] (II) event3  - Fujitsu Fujitsu Keyboard: device removed
[    66.020] (**) Option "config_info" "udev:/sys/devices/pci0000:00/0000:00:1d.0/usb2/2-1/2-1.6/2-1.6:1.0/0003:0BF8:101E.0002/input/input3/event3"
[    66.020] (II) XINPUT: Adding extended input device "Fujitsu Fujitsu Keyboard" (type: KEYBOARD, id 9)
[    66.020] (**) Option "xkb_model" "pc105"
[    66.020] (**) Option "xkb_layout" "us"
[    66.020] (II) event3  - Fujitsu Fujitsu Keyboard: is tagged by udev as: Keyboard
[    66.020] (II) event3  - Fujitsu Fujitsu Keyboard: device is a keyboard
[    66.021] (II) config/udev: Adding input device Fujitsu Fujitsu Keyboard System Control (/dev/input/event4)
[    66.021] (**) Fujitsu Fujitsu Keyboard System Control: Applying InputClass "libinput keyboard catchall"
[    66.021] (II) Using input driver 'libinput' for 'Fujitsu Fujitsu Keyboard System Control'
[    66.021] (II) systemd-logind: got fd for /dev/input/event4 13:68 fd 30 paused 0
[    66.021] (**) Fujitsu Fujitsu Keyboard System Control: always reports core events
[    66.021] (**) Option "Device" "/dev/input/event4"
[    66.021] (**) Option "_source" "server/udev"
[    66.021] (II) event4  - Fujitsu Fujitsu Keyboard System Control: is tagged by udev as: Keyboard
[    66.021] (II) event4  - Fujitsu Fujitsu Keyboard System Control: device is a keyboard
[    66.021] (II) event4  - Fujitsu Fujitsu Keyboard System Control: device removed
[    66.021] (**) Option "config_info" "udev:/sys/devices/pci0000:00/0000:00:1d.0/usb2/2-1/2-1.6/2-1.6:1.1/0003:0BF8:101E.0003/input/input4/event4"
[    66.021] (II) XINPUT: Adding extended input device "Fujitsu Fujitsu Keyboard System Control" (type: KEYBOARD, id 10)
[    66.021] (**) Option "xkb_model" "pc105"
[    66.022] (**) Option "xkb_layout" "us"
[    66.022] (II) event4  - Fujitsu Fujitsu Keyboard System Control: is tagged by udev as: Keyboard
[    66.022] (II) event4  - Fujitsu Fujitsu Keyboard System Control: device is a keyboard
[    66.022] (II) config/udev: Adding input device Fujitsu Fujitsu Keyboard Consumer Control (/dev/input/event5)
[    66.022] (**) Fujitsu Fujitsu Keyboard Consumer Control: Applying InputClass "libinput keyboard catchall"
[    66.022] (II) Using input driver 'libinput' for 'Fujitsu Fujitsu Keyboard Consumer Control'
[    66.023] (II) systemd-logind: got fd for /dev/input/event5 13:69 fd 31 paused 0
[    66.023] (**) Fujitsu Fujitsu Keyboard Consumer Control: always reports core events
[    66.023] (**) Option "Device" "/dev/input/event5"
[    66.023] (**) Option "_source" "server/udev"
[    66.023] (II) event5  - Fujitsu Fujitsu Keyboard Consumer Control: is tagged by udev as: Keyboard
[    66.023] (II) event5  - Fujitsu Fujitsu Keyboard Consumer Control: device is a keyboard
[    66.023] (II) event5  - Fujitsu Fujitsu Keyboard Consumer Control: device removed
[    66.023] (**) Option "config_info" "udev:/sys/devices/pci0000:00/0000:00:1d.0/usb2/2-1/2-1.6/2-1.6:1.1/0003:0BF8:101E.0003/input/input5/event5"
[    66.023] (II) XINPUT: Adding extended input device "Fujitsu Fujitsu Keyboard Consumer Control" (type: KEYBOARD, id 11)
[    66.023] (**) Option "xkb_model" "pc105"
[    66.023] (**) Option "xkb_layout" "us"
[    66.024] (II) event5  - Fujitsu Fujitsu Keyboard Consumer Control: is tagged by udev as: Keyboard
[    66.024] (II) event5  - Fujitsu Fujitsu Keyboard Consumer Control: device is a keyboard
[    68.316] (II) modeset(0): EDID vendor "DEL", prod id 61517
[    68.316] (II) modeset(0): Using EDID range info for horizontal sync
[    68.316] (II) modeset(0): Using EDID range info for vertical refresh
[    68.316] (II) modeset(0): Printing DDC gathered Modelines:
[    68.316] (II) modeset(0): Modeline "1920x1080"x0.0  148.50  1920 2008 2052 2200  1080 1084 1089 1125 +hsync +vsync (67.5 kHz eP)
[    68.316] (II) modeset(0): Modeline "800x600"x0.0   40.00  800 840 968 1056  600 601 605 628 +hsync +vsync (37.9 kHz e)
[    68.316] (II) modeset(0): Modeline "640x480"x0.0   31.50  640 656 720 840  480 481 484 500 -hsync -vsync (37.5 kHz e)
[    68.316] (II) modeset(0): Modeline "640x480"x0.0   25.18  640 656 752 800  480 490 492 525 -hsync -vsync (31.5 kHz e)
[    68.316] (II) modeset(0): Modeline "720x400"x0.0   28.32  720 738 846 900  400 412 414 449 -hsync +vsync (31.5 kHz e)
[    68.316] (II) modeset(0): Modeline "1280x1024"x0.0  135.00  1280 1296 1440 1688  1024 1025 1028 1066 +hsync +vsync (80.0 kHz e)
[    68.316] (II) modeset(0): Modeline "1024x768"x0.0   78.75  1024 1040 1136 1312  768 769 772 800 +hsync +vsync (60.0 kHz e)
[    68.316] (II) modeset(0): Modeline "1024x768"x0.0   65.00  1024 1048 1184 1344  768 771 777 806 -hsync -vsync (48.4 kHz e)
[    68.316] (II) modeset(0): Modeline "800x600"x0.0   49.50  800 816 896 1056  600 601 604 625 +hsync +vsync (46.9 kHz e)
[    68.316] (II) modeset(0): Modeline "1152x864"x0.0  108.00  1152 1216 1344 1600  864 865 868 900 +hsync +vsync (67.5 kHz e)
[    68.316] (II) modeset(0): Modeline "1280x1024"x0.0  108.00  1280 1328 1440 1688  1024 1025 1028 1066 +hsync +vsync (64.0 kHz e)
[    68.316] (II) modeset(0): Modeline "1600x900"x60.0  119.00  1600 1696 1864 2128  900 901 904 932 -hsync +vsync (55.9 kHz e)
