[2019-02-28 15:53:38] __rvm_package_extract
__rvm_package_extract () 
{ 
    rvm_debug __rvm_package_extract:$#: "$@";
    \typeset __extract_src __extract_target __tempdir __path __file __return;
    __extract_src="$1";
    __extract_target="$2";
    shift 2;
    __return=0;
    __tempdir="$( TMPDIR="${rvm_tmp_path}" mktemp -d -t rvm-tmp.XXXXXXXXX )";
    __rvm_package_extract_run "$__extract_src" "$__tempdir" "$@" || __return=$?;
    if (( __return == 0 )); then
        for __path in "$__tempdir"/*;
        do
            __file="${__path##*/}";
            if [[ -n "${__file}" && -e "$__extract_target/${__file}" ]]; then
                \command \rm -rf "$__extract_target/${__file}" || __return=$?;
            fi;
            \command \mv -f "${__path}" "$__extract_target/" || __return=$?;
        done;
    fi;
    if [[ -n "$__tempdir" ]]; then
        \command \rm -rf "$__tempdir";
    fi;
    return $__return
}
current path: /home/xhebervoki/.rvm/src
PATH=/home/xhebervoki/.rbenv/plugins/ruby-build/bin:/home/xhebervoki/.rbenv/shims:/home/xhebervoki/.rbenv/bin:/home/xhebervoki/.rbenv/shims:/home/xhebervoki/.rbenv/bin:/usr/local/sbin:/usr/local/bin:/usr/sbin:/usr/bin:/sbin:/bin:/usr/games:/usr/local/games:/snap/bin:/home/xhebervoki/.rvm/bin
command(3): __rvm_package_extract /home/xhebervoki/.rvm/archives/ruby-2.6.0.tar.bz2 /home/xhebervoki/.rvm/tmp/rvm_src_13145
++ /scripts/functions/utility_package : __rvm_package_extract()  86 > rvm_debug __rvm_package_extract:2: /home/xhebervoki/.rvm/archives/ruby-2.6.0.tar.bz2 /home/xhebervoki/.rvm/tmp/rvm_src_13145
++ /scripts/functions/logging : rvm_debug()  217 > ((  0  ))
++ /scripts/functions/logging : rvm_debug()  217 > return 0
++ /scripts/functions/utility_package : __rvm_package_extract()  87 > typeset __extract_src __extract_target __tempdir __path __file __return
++ /scripts/functions/utility_package : __rvm_package_extract()  88 > __extract_src=/home/xhebervoki/.rvm/archives/ruby-2.6.0.tar.bz2
++ /scripts/functions/utility_package : __rvm_package_extract()  89 > __extract_target=/home/xhebervoki/.rvm/tmp/rvm_src_13145
++ /scripts/functions/utility_package : __rvm_package_extract()  90 > shift 2
++ /scripts/functions/utility_package : __rvm_package_extract()  91 > __return=0
+++ /scripts/functions/utility_package : __rvm_package_extract()  92 > TMPDIR=/home/xhebervoki/.rvm/tmp
+++ /scripts/functions/utility_package : __rvm_package_extract()  92 > mktemp -d -t rvm-tmp.XXXXXXXXX
++ /scripts/functions/utility_package : __rvm_package_extract()  92 > __tempdir=/home/xhebervoki/.rvm/tmp/rvm-tmp.KvHnd2zqh
++ /scripts/functions/utility_package : __rvm_package_extract()  93 > __rvm_package_extract_run /home/xhebervoki/.rvm/archives/ruby-2.6.0.tar.bz2 /home/xhebervoki/.rvm/tmp/rvm-tmp.KvHnd2zqh
++ /scripts/functions/utility_package : __rvm_package_extract_run()  42 > typeset __extract_run_src __extract_run_target __exclude_elements
++ /scripts/functions/utility_package : __rvm_package_extract_run()  43 > __extract_run_src=/home/xhebervoki/.rvm/archives/ruby-2.6.0.tar.bz2
++ /scripts/functions/utility_package : __rvm_package_extract_run()  44 > __extract_run_target=/home/xhebervoki/.rvm/tmp/rvm-tmp.KvHnd2zqh
++ /scripts/functions/utility_package : __rvm_package_extract_run()  45 > shift 2
++ /scripts/functions/utility_package : __rvm_package_extract_run()  46 > __exclude_elements=()
++ /scripts/functions/utility_package : __rvm_package_extract_run()  49 > [[    != *\ \-\-\n\o\-\s\a\m\e\-\o\w\n\e\r\ * ]]
++ /scripts/functions/utility_package : __rvm_package_extract_run()  50 > __rvm_tar --help
++ /scripts/functions/utility_package : __rvm_package_extract_run()  50 > __rvm_grep -- --no-same-owner
++ /scripts/functions/support : __rvm_grep()  260 > GREP_OPTIONS=
++ /scripts/functions/support : __rvm_grep()  260 > command grep -- --no-same-owner
++ /scripts/functions/support : __rvm_grep()  260 > grep -- --no-same-owner
++ /scripts/functions/utility_package : __rvm_package_extract_run()  52 > rvm_tar_options=--no-same-owner
++ /scripts/functions/utility_package : __rvm_package_extract_run()  55 > [[ -d /home/xhebervoki/.rvm/tmp/rvm-tmp.KvHnd2zqh ]]
++ /scripts/functions/utility_package : __rvm_package_extract_run()  56 > case "$__extract_run_src" in
++ /scripts/functions/utility_package : __rvm_package_extract_run()  62 > __map_tar_excludes
++ /scripts/functions/utility_package : __map_tar_excludes()  34 > typeset __exclude_element
++ /scripts/functions/utility_package : __rvm_package_extract_run()  63 > [[ -n '' ]]
++ /scripts/functions/utility_package : __rvm_package_extract_run()  65 > __rvm_tar -xjf /home/xhebervoki/.rvm/archives/ruby-2.6.0.tar.bz2 -C /home/xhebervoki/.rvm/tmp/rvm-tmp.KvHnd2zqh --no-same-owner
++ /scripts/functions/support : __rvm_tar()  277 > tar -xjf /home/xhebervoki/.rvm/archives/ruby-2.6.0.tar.bz2 -C /home/xhebervoki/.rvm/tmp/rvm-tmp.KvHnd2zqh --no-same-owner
++ /scripts/functions/utility_package : __rvm_package_extract_run()  79 > __rvm_fix_group_permissions /home/xhebervoki/.rvm/tmp/rvm-tmp.KvHnd2zqh/ruby-2.6.0
++ /scripts/functions/utility_package : __rvm_fix_group_permissions()  6 > __rvm_grep g=rw
++ /scripts/functions/utility_package : __rvm_fix_group_permissions()  6 > umask -S
++ /scripts/functions/support : __rvm_grep()  260 > GREP_OPTIONS=
++ /scripts/functions/support : __rvm_grep()  260 > command grep g=rw
++ /scripts/functions/support : __rvm_grep()  260 > grep g=rw
++ /scripts/functions/support : __rvm_grep()  260 > return 1
++ /scripts/functions/utility_package : __rvm_package_extract()  95 > ((  __return == 0  ))
++ /scripts/functions/utility_package : __rvm_package_extract()  97 > for __path in "$__tempdir"/*
++ /scripts/functions/utility_package : __rvm_package_extract()  99 > __file=ruby-2.6.0
++ /scripts/functions/utility_package : __rvm_package_extract()  101 > [[ -n ruby-2.6.0 ]]
++ /scripts/functions/utility_package : __rvm_package_extract()  101 > [[ -e /home/xhebervoki/.rvm/tmp/rvm_src_13145/ruby-2.6.0 ]]
++ /scripts/functions/utility_package : __rvm_package_extract()  105 > command mv -f /home/xhebervoki/.rvm/tmp/rvm-tmp.KvHnd2zqh/ruby-2.6.0 /home/xhebervoki/.rvm/tmp/rvm_src_13145/
++ /scripts/functions/utility_package : __rvm_package_extract()  105 > mv -f /home/xhebervoki/.rvm/tmp/rvm-tmp.KvHnd2zqh/ruby-2.6.0 /home/xhebervoki/.rvm/tmp/rvm_src_13145/
++ /scripts/functions/utility_package : __rvm_package_extract()  108 > [[ -n /home/xhebervoki/.rvm/tmp/rvm-tmp.KvHnd2zqh ]]
++ /scripts/functions/utility_package : __rvm_package_extract()  109 > command rm -rf /home/xhebervoki/.rvm/tmp/rvm-tmp.KvHnd2zqh
++ /scripts/functions/utility_package : __rvm_package_extract()  109 > rm -rf /home/xhebervoki/.rvm/tmp/rvm-tmp.KvHnd2zqh
++ /scripts/functions/utility_package : __rvm_package_extract()  111 > return 0
