[2019-02-28 14:55:11.776] [sharedprocess] [info] main {"machineId":"0480e286382fc020780a832df3f0c72271504076461271a5d47d9db61b302d98"}
[2019-02-28 14:55:11.829] [sharedprocess] [info] Scanned user extensions: 0
[2019-02-28 14:55:11.846] [sharedprocess] [info] Scanned user extensions: 0
[2019-02-28 14:55:11.848] [sharedprocess] [info] Scanned user extensions: 0
[2019-02-28 14:55:11.894] [sharedprocess] [info] Scanned system extensions: 71
[2019-02-28 14:55:11.900] [sharedprocess] [info] Scanned system extensions: 71
[2019-02-28 14:55:11.902] [sharedprocess] [info] Scanned system extensions: 71
[2019-02-28 14:55:12.468] [sharedprocess] [info] Scanned user extensions: 0
[2019-02-28 14:55:51.787] [sharedprocess] [info] Starting to clean up unused language packs.
[2019-02-28 15:00:12.479] [sharedprocess] [info] Scanned user extensions: 0
[2019-02-28 15:05:12.487] [sharedprocess] [info] Scanned user extensions: 0
[2019-02-28 15:10:12.493] [sharedprocess] [info] Scanned user extensions: 0
[2019-02-28 15:15:12.502] [sharedprocess] [info] Scanned user extensions: 0
[2019-02-28 15:20:12.511] [sharedprocess] [info] Scanned user extensions: 0
[2019-02-28 15:25:12.521] [sharedprocess] [info] Scanned user extensions: 0
[2019-02-28 15:30:12.528] [sharedprocess] [info] Scanned user extensions: 0
[2019-02-28 15:35:12.532] [sharedprocess] [info] Scanned user extensions: 0
[2019-02-28 15:40:12.541] [sharedprocess] [info] Scanned user extensions: 0
[2019-02-28 15:45:12.552] [sharedprocess] [info] Scanned user extensions: 0
[2019-02-28 15:50:12.560] [sharedprocess] [info] Scanned user extensions: 0
[2019-02-28 15:55:12.830] [sharedprocess] [info] Scanned user extensions: 0
[2019-02-28 16:00:12.836] [sharedprocess] [info] Scanned user extensions: 0
[2019-02-28 16:05:12.844] [sharedprocess] [info] Scanned user extensions: 0
[2019-02-28 16:10:12.849] [sharedprocess] [info] Scanned user extensions: 0
[2019-02-28 16:14:56.675] [sharedprocess] [info] Scanned user extensions: 0
[2019-02-28 16:14:56.695] [sharedprocess] [info] Scanned system extensions: 71
[2019-02-28 16:15:12.858] [sharedprocess] [info] Scanned user extensions: 0
[2019-02-28 16:20:12.865] [sharedprocess] [info] Scanned user extensions: 0
[2019-02-28 16:25:12.874] [sharedprocess] [info] Scanned user extensions: 0
[2019-02-28 16:30:12.884] [sharedprocess] [info] Scanned user extensions: 0
[2019-02-28 16:35:12.891] [sharedprocess] [info] Scanned user extensions: 0
[2019-02-28 16:40:12.896] [sharedprocess] [info] Scanned user extensions: 0
[2019-02-28 16:45:12.910] [sharedprocess] [info] Scanned user extensions: 0
[2019-02-28 16:50:12.919] [sharedprocess] [info] Scanned user extensions: 0
[2019-02-28 16:55:12.928] [sharedprocess] [info] Scanned user extensions: 0
[2019-02-28 17:00:12.937] [sharedprocess] [info] Scanned user extensions: 0
[2019-02-28 17:05:12.944] [sharedprocess] [info] Scanned user extensions: 0
[2019-02-28 17:10:12.952] [sharedprocess] [info] Scanned user extensions: 0
[2019-02-28 17:15:12.960] [sharedprocess] [info] Scanned user extensions: 0
[2019-02-28 17:20:12.965] [sharedprocess] [info] Scanned user extensions: 0
[2019-02-28 17:25:12.976] [sharedprocess] [info] Scanned user extensions: 0
[2019-02-28 17:30:12.991] [sharedprocess] [info] Scanned user extensions: 0
[2019-02-28 17:35:13.000] [sharedprocess] [info] Scanned user extensions: 0
[2019-02-28 17:40:13.008] [sharedprocess] [info] Scanned user extensions: 0
[2019-02-28 17:45:13.014] [sharedprocess] [info] Scanned user extensions: 0
[2019-02-28 17:50:13.022] [sharedprocess] [info] Scanned user extensions: 0
[2019-02-28 17:55:13.030] [sharedprocess] [info] Scanned user extensions: 0
[2019-02-28 18:00:13.041] [sharedprocess] [info] Scanned user extensions: 0
[2019-02-28 18:05:13.050] [sharedprocess] [info] Scanned user extensions: 0
[2019-02-28 18:10:13.058] [sharedprocess] [info] Scanned user extensions: 0
[2019-02-28 18:15:13.066] [sharedprocess] [info] Scanned user extensions: 0
[2019-02-28 18:20:13.072] [sharedprocess] [info] Scanned user extensions: 0
[2019-02-28 18:25:13.079] [sharedprocess] [info] Scanned user extensions: 0
[2019-02-28 18:30:13.087] [sharedprocess] [info] Scanned user extensions: 0
[2019-02-28 18:35:13.096] [sharedprocess] [info] Scanned user extensions: 0
[2019-02-28 18:40:13.103] [sharedprocess] [info] Scanned user extensions: 0
[2019-02-28 18:45:13.111] [sharedprocess] [info] Scanned user extensions: 0
[2019-02-28 18:50:13.119] [sharedprocess] [info] Scanned user extensions: 0
[2019-02-28 18:55:13.126] [sharedprocess] [info] Scanned user extensions: 0
[2019-02-28 19:00:13.134] [sharedprocess] [info] Scanned user extensions: 0
[2019-02-28 19:05:13.142] [sharedprocess] [info] Scanned user extensions: 0
[2019-02-28 19:10:13.150] [sharedprocess] [info] Scanned user extensions: 0
[2019-02-28 19:15:13.159] [sharedprocess] [info] Scanned user extensions: 0
[2019-02-28 19:20:13.165] [sharedprocess] [info] Scanned user extensions: 0
[2019-02-28 19:25:13.174] [sharedprocess] [info] Scanned user extensions: 0
[2019-02-28 19:30:13.183] [sharedprocess] [info] Scanned user extensions: 0
[2019-02-28 19:35:13.190] [sharedprocess] [info] Scanned user extensions: 0
[2019-02-28 19:40:13.198] [sharedprocess] [info] Scanned user extensions: 0
[2019-02-28 19:45:13.205] [sharedprocess] [info] Scanned user extensions: 0
[2019-02-28 19:50:13.213] [sharedprocess] [info] Scanned user extensions: 0
[2019-02-28 19:55:13.221] [sharedprocess] [info] Scanned user extensions: 0
[2019-02-28 20:00:13.225] [sharedprocess] [info] Scanned user extensions: 0
[2019-02-28 20:05:13.233] [sharedprocess] [info] Scanned user extensions: 0
[2019-02-28 20:10:13.242] [sharedprocess] [info] Scanned user extensions: 0
[2019-02-28 20:15:13.250] [sharedprocess] [info] Scanned user extensions: 0
[2019-02-28 20:20:13.259] [sharedprocess] [info] Scanned user extensions: 0
[2019-02-28 20:25:13.266] [sharedprocess] [info] Scanned user extensions: 0
[2019-02-28 20:30:13.273] [sharedprocess] [info] Scanned user extensions: 0
[2019-02-28 20:35:13.282] [sharedprocess] [info] Scanned user extensions: 0
[2019-02-28 20:40:13.286] [sharedprocess] [info] Scanned user extensions: 0
[2019-02-28 20:45:13.294] [sharedprocess] [info] Scanned user extensions: 0
[2019-02-28 20:50:13.302] [sharedprocess] [info] Scanned user extensions: 0
[2019-02-28 20:55:13.310] [sharedprocess] [info] Scanned user extensions: 0
[2019-02-28 21:00:13.319] [sharedprocess] [info] Scanned user extensions: 0
[2019-02-28 21:05:13.328] [sharedprocess] [info] Scanned user extensions: 0
[2019-02-28 21:10:13.339] [sharedprocess] [info] Scanned user extensions: 0
[2019-02-28 21:15:13.347] [sharedprocess] [info] Scanned user extensions: 0
[2019-02-28 21:20:13.353] [sharedprocess] [info] Scanned user extensions: 0
[2019-02-28 21:25:13.361] [sharedprocess] [info] Scanned user extensions: 0
[2019-02-28 21:30:13.369] [sharedprocess] [info] Scanned user extensions: 0
[2019-02-28 21:35:13.377] [sharedprocess] [info] Scanned user extensions: 0
[2019-02-28 21:40:13.385] [sharedprocess] [info] Scanned user extensions: 0
[2019-02-28 21:45:13.393] [sharedprocess] [info] Scanned user extensions: 0
[2019-02-28 21:50:13.401] [sharedprocess] [info] Scanned user extensions: 0
[2019-02-28 21:55:13.409] [sharedprocess] [info] Scanned user extensions: 0
[2019-02-28 22:00:13.417] [sharedprocess] [info] Scanned user extensions: 0
[2019-02-28 22:05:13.426] [sharedprocess] [info] Scanned user extensions: 0
[2019-02-28 22:10:13.434] [sharedprocess] [info] Scanned user extensions: 0
[2019-02-28 22:15:13.440] [sharedprocess] [info] Scanned user extensions: 0
[2019-02-28 22:20:13.451] [sharedprocess] [info] Scanned user extensions: 0
[2019-02-28 22:25:13.457] [sharedprocess] [info] Scanned user extensions: 0
[2019-02-28 22:30:13.465] [sharedprocess] [info] Scanned user extensions: 0
[2019-02-28 22:35:13.474] [sharedprocess] [info] Scanned user extensions: 0
[2019-02-28 22:40:13.482] [sharedprocess] [info] Scanned user extensions: 0
[2019-02-28 22:45:13.490] [sharedprocess] [info] Scanned user extensions: 0
[2019-02-28 22:50:13.495] [sharedprocess] [info] Scanned user extensions: 0
[2019-02-28 22:55:13.501] [sharedprocess] [info] Scanned user extensions: 0
[2019-02-28 23:00:13.509] [sharedprocess] [info] Scanned user extensions: 0
[2019-02-28 23:05:13.517] [sharedprocess] [info] Scanned user extensions: 0
[2019-02-28 23:10:13.521] [sharedprocess] [info] Scanned user extensions: 0
[2019-02-28 23:15:13.529] [sharedprocess] [info] Scanned user extensions: 0
[2019-02-28 23:20:13.536] [sharedprocess] [info] Scanned user extensions: 0
[2019-02-28 23:25:13.545] [sharedprocess] [info] Scanned user extensions: 0
[2019-02-28 23:30:13.553] [sharedprocess] [info] Scanned user extensions: 0
[2019-02-28 23:35:13.561] [sharedprocess] [info] Scanned user extensions: 0
[2019-02-28 23:40:13.569] [sharedprocess] [info] Scanned user extensions: 0
[2019-02-28 23:45:13.577] [sharedprocess] [info] Scanned user extensions: 0
[2019-02-28 23:50:13.585] [sharedprocess] [info] Scanned user extensions: 0
[2019-02-28 23:55:13.594] [sharedprocess] [info] Scanned user extensions: 0
[2019-03-01 00:00:13.601] [sharedprocess] [info] Scanned user extensions: 0
[2019-03-01 00:05:13.609] [sharedprocess] [info] Scanned user extensions: 0
[2019-03-01 00:10:13.614] [sharedprocess] [info] Scanned user extensions: 0
[2019-03-01 00:15:13.623] [sharedprocess] [info] Scanned user extensions: 0
[2019-03-01 00:20:13.631] [sharedprocess] [info] Scanned user extensions: 0
[2019-03-01 00:25:13.638] [sharedprocess] [info] Scanned user extensions: 0
[2019-03-01 00:30:13.647] [sharedprocess] [info] Scanned user extensions: 0
[2019-03-01 00:35:13.655] [sharedprocess] [info] Scanned user extensions: 0
[2019-03-01 00:40:13.663] [sharedprocess] [info] Scanned user extensions: 0
[2019-03-01 00:45:13.670] [sharedprocess] [info] Scanned user extensions: 0
[2019-03-01 00:50:13.678] [sharedprocess] [info] Scanned user extensions: 0
[2019-03-01 00:55:13.686] [sharedprocess] [info] Scanned user extensions: 0
[2019-03-01 01:00:13.694] [sharedprocess] [info] Scanned user extensions: 0
[2019-03-01 01:05:13.702] [sharedprocess] [info] Scanned user extensions: 0
[2019-03-01 01:10:13.710] [sharedprocess] [info] Scanned user extensions: 0
[2019-03-01 01:15:13.716] [sharedprocess] [info] Scanned user extensions: 0
[2019-03-01 01:20:13.724] [sharedprocess] [info] Scanned user extensions: 0
[2019-03-01 01:25:13.732] [sharedprocess] [info] Scanned user extensions: 0
[2019-03-01 01:30:13.738] [sharedprocess] [info] Scanned user extensions: 0
[2019-03-01 01:35:13.747] [sharedprocess] [info] Scanned user extensions: 0
[2019-03-01 01:40:13.755] [sharedprocess] [info] Scanned user extensions: 0
[2019-03-01 01:45:13.763] [sharedprocess] [info] Scanned user extensions: 0
[2019-03-01 01:50:13.772] [sharedprocess] [info] Scanned user extensions: 0
[2019-03-01 01:55:13.778] [sharedprocess] [info] Scanned user extensions: 0
[2019-03-01 02:00:13.786] [sharedprocess] [info] Scanned user extensions: 0
[2019-03-01 02:05:13.795] [sharedprocess] [info] Scanned user extensions: 0
[2019-03-01 02:10:13.801] [sharedprocess] [info] Scanned user extensions: 0
[2019-03-01 02:15:13.809] [sharedprocess] [info] Scanned user extensions: 0
[2019-03-01 02:20:13.816] [sharedprocess] [info] Scanned user extensions: 0
[2019-03-01 02:25:13.821] [sharedprocess] [info] Scanned user extensions: 0
[2019-03-01 02:30:13.829] [sharedprocess] [info] Scanned user extensions: 0
[2019-03-01 02:35:13.839] [sharedprocess] [info] Scanned user extensions: 0
[2019-03-01 02:40:13.846] [sharedprocess] [info] Scanned user extensions: 0
[2019-03-01 02:45:13.849] [sharedprocess] [info] Scanned user extensions: 0
[2019-03-01 02:50:13.857] [sharedprocess] [info] Scanned user extensions: 0
[2019-03-01 02:55:13.865] [sharedprocess] [info] Scanned user extensions: 0
[2019-03-01 03:00:13.873] [sharedprocess] [info] Scanned user extensions: 0
[2019-03-01 03:05:13.881] [sharedprocess] [info] Scanned user extensions: 0
[2019-03-01 03:10:13.889] [sharedprocess] [info] Scanned user extensions: 0
[2019-03-01 03:15:13.897] [sharedprocess] [info] Scanned user extensions: 0
[2019-03-01 03:20:13.906] [sharedprocess] [info] Scanned user extensions: 0
[2019-03-01 03:25:13.918] [sharedprocess] [info] Scanned user extensions: 0
[2019-03-01 03:30:13.926] [sharedprocess] [info] Scanned user extensions: 0
[2019-03-01 03:35:13.934] [sharedprocess] [info] Scanned user extensions: 0
[2019-03-01 03:40:13.941] [sharedprocess] [info] Scanned user extensions: 0
[2019-03-01 03:45:13.951] [sharedprocess] [info] Scanned user extensions: 0
[2019-03-01 03:50:13.960] [sharedprocess] [info] Scanned user extensions: 0
[2019-03-01 03:55:13.968] [sharedprocess] [info] Scanned user extensions: 0
[2019-03-01 04:00:13.977] [sharedprocess] [info] Scanned user extensions: 0
[2019-03-01 04:05:13.982] [sharedprocess] [info] Scanned user extensions: 0
[2019-03-01 04:10:13.988] [sharedprocess] [info] Scanned user extensions: 0
[2019-03-01 04:15:13.996] [sharedprocess] [info] Scanned user extensions: 0
[2019-03-01 04:20:14.004] [sharedprocess] [info] Scanned user extensions: 0
[2019-03-01 04:25:14.013] [sharedprocess] [info] Scanned user extensions: 0
[2019-03-01 04:30:14.020] [sharedprocess] [info] Scanned user extensions: 0
[2019-03-01 04:35:14.029] [sharedprocess] [info] Scanned user extensions: 0
[2019-03-01 04:40:14.037] [sharedprocess] [info] Scanned user extensions: 0
[2019-03-01 04:45:14.042] [sharedprocess] [info] Scanned user extensions: 0
[2019-03-01 04:50:14.050] [sharedprocess] [info] Scanned user extensions: 0
[2019-03-01 04:55:14.059] [sharedprocess] [info] Scanned user extensions: 0
[2019-03-01 05:00:14.068] [sharedprocess] [info] Scanned user extensions: 0
[2019-03-01 05:05:14.078] [sharedprocess] [info] Scanned user extensions: 0
[2019-03-01 05:10:14.087] [sharedprocess] [info] Scanned user extensions: 0
[2019-03-01 05:15:14.095] [sharedprocess] [info] Scanned user extensions: 0
[2019-03-01 05:20:14.102] [sharedprocess] [info] Scanned user extensions: 0
[2019-03-01 05:25:14.107] [sharedprocess] [info] Scanned user extensions: 0
[2019-03-01 05:30:14.115] [sharedprocess] [info] Scanned user extensions: 0
[2019-03-01 05:35:14.124] [sharedprocess] [info] Scanned user extensions: 0
[2019-03-01 05:40:14.132] [sharedprocess] [info] Scanned user extensions: 0
[2019-03-01 05:45:14.141] [sharedprocess] [info] Scanned user extensions: 0
[2019-03-01 05:50:14.149] [sharedprocess] [info] Scanned user extensions: 0
[2019-03-01 05:55:14.157] [sharedprocess] [info] Scanned user extensions: 0
[2019-03-01 06:00:14.165] [sharedprocess] [info] Scanned user extensions: 0
[2019-03-01 06:05:14.176] [sharedprocess] [info] Scanned user extensions: 0
[2019-03-01 06:10:14.184] [sharedprocess] [info] Scanned user extensions: 0
[2019-03-01 06:15:14.193] [sharedprocess] [info] Scanned user extensions: 0
[2019-03-01 06:20:14.199] [sharedprocess] [info] Scanned user extensions: 0
[2019-03-01 06:25:14.207] [sharedprocess] [info] Scanned user extensions: 0
[2019-03-01 06:30:14.216] [sharedprocess] [info] Scanned user extensions: 0
[2019-03-01 06:35:14.224] [sharedprocess] [info] Scanned user extensions: 0
[2019-03-01 06:40:14.233] [sharedprocess] [info] Scanned user extensions: 0
[2019-03-01 06:45:14.238] [sharedprocess] [info] Scanned user extensions: 0
[2019-03-01 06:50:14.245] [sharedprocess] [info] Scanned user extensions: 0
[2019-03-01 06:55:14.253] [sharedprocess] [info] Scanned user extensions: 0
[2019-03-01 07:00:14.262] [sharedprocess] [info] Scanned user extensions: 0
[2019-03-01 07:05:14.270] [sharedprocess] [info] Scanned user extensions: 0
[2019-03-01 07:10:14.278] [sharedprocess] [info] Scanned user extensions: 0
[2019-03-01 07:15:14.286] [sharedprocess] [info] Scanned user extensions: 0
[2019-03-01 07:20:14.296] [sharedprocess] [info] Scanned user extensions: 0
[2019-03-01 07:25:14.306] [sharedprocess] [info] Scanned user extensions: 0
[2019-03-01 07:30:14.314] [sharedprocess] [info] Scanned user extensions: 0
[2019-03-01 07:35:14.322] [sharedprocess] [info] Scanned user extensions: 0
[2019-03-01 07:40:14.331] [sharedprocess] [info] Scanned user extensions: 0
[2019-03-01 07:45:14.340] [sharedprocess] [info] Scanned user extensions: 0
[2019-03-01 07:50:14.346] [sharedprocess] [info] Scanned user extensions: 0
[2019-03-01 07:55:14.354] [sharedprocess] [info] Scanned user extensions: 0
[2019-03-01 08:00:14.363] [sharedprocess] [info] Scanned user extensions: 0
[2019-03-01 08:05:14.371] [sharedprocess] [info] Scanned user extensions: 0
[2019-03-01 08:10:14.379] [sharedprocess] [info] Scanned user extensions: 0
[2019-03-01 08:15:14.385] [sharedprocess] [info] Scanned user extensions: 0
[2019-03-01 08:20:14.393] [sharedprocess] [info] Scanned user extensions: 0
[2019-03-01 08:25:14.401] [sharedprocess] [info] Scanned user extensions: 0
[2019-03-01 08:30:14.407] [sharedprocess] [info] Scanned user extensions: 0
[2019-03-01 08:35:14.415] [sharedprocess] [info] Scanned user extensions: 0
[2019-03-01 08:40:14.422] [sharedprocess] [info] Scanned user extensions: 0
[2019-03-01 08:45:14.430] [sharedprocess] [info] Scanned user extensions: 0
[2019-03-01 08:50:14.441] [sharedprocess] [info] Scanned user extensions: 0
[2019-03-01 08:55:14.446] [sharedprocess] [info] Scanned user extensions: 0
[2019-03-01 09:00:14.453] [sharedprocess] [info] Scanned user extensions: 0
[2019-03-01 09:05:14.461] [sharedprocess] [info] Scanned user extensions: 0
[2019-03-01 09:10:14.469] [sharedprocess] [info] Scanned user extensions: 0
[2019-03-01 09:15:14.478] [sharedprocess] [info] Scanned user extensions: 0
[2019-03-01 09:20:14.483] [sharedprocess] [info] Scanned user extensions: 0
[2019-03-01 09:25:14.491] [sharedprocess] [info] Scanned user extensions: 0
[2019-03-01 09:30:14.499] [sharedprocess] [info] Scanned user extensions: 0
[2019-03-01 09:35:14.504] [sharedprocess] [info] Scanned user extensions: 0
[2019-03-01 09:40:14.513] [sharedprocess] [info] Scanned user extensions: 0
[2019-03-01 09:45:14.521] [sharedprocess] [info] Scanned user extensions: 0
[2019-03-01 09:50:14.528] [sharedprocess] [info] Scanned user extensions: 0
[2019-03-01 09:55:14.537] [sharedprocess] [info] Scanned user extensions: 0
[2019-03-01 10:00:14.542] [sharedprocess] [info] Scanned user extensions: 0
[2019-03-01 10:05:14.550] [sharedprocess] [info] Scanned user extensions: 0
[2019-03-01 10:10:14.560] [sharedprocess] [info] Scanned user extensions: 0
[2019-03-01 10:15:14.565] [sharedprocess] [info] Scanned user extensions: 0
[2019-03-01 10:20:14.570] [sharedprocess] [info] Scanned user extensions: 0
[2019-03-01 10:25:14.577] [sharedprocess] [info] Scanned user extensions: 0
[2019-03-01 10:30:14.585] [sharedprocess] [info] Scanned user extensions: 0
[2019-03-01 10:35:14.593] [sharedprocess] [info] Scanned user extensions: 0
[2019-03-01 10:40:14.596] [sharedprocess] [info] Scanned user extensions: 0
[2019-03-01 10:45:14.604] [sharedprocess] [info] Scanned user extensions: 0
[2019-03-01 10:50:14.613] [sharedprocess] [info] Scanned user extensions: 0
[2019-03-01 10:55:14.621] [sharedprocess] [info] Scanned user extensions: 0
[2019-03-01 11:00:14.629] [sharedprocess] [info] Scanned user extensions: 0
[2019-03-01 11:05:14.634] [sharedprocess] [info] Scanned user extensions: 0
[2019-03-01 11:10:14.643] [sharedprocess] [info] Scanned user extensions: 0
[2019-03-01 11:15:14.650] [sharedprocess] [info] Scanned user extensions: 0
[2019-03-01 11:20:14.657] [sharedprocess] [info] Scanned user extensions: 0
[2019-03-01 11:25:14.664] [sharedprocess] [info] Scanned user extensions: 0
[2019-03-01 11:30:14.677] [sharedprocess] [info] Scanned user extensions: 0
[2019-03-01 11:35:14.686] [sharedprocess] [info] Scanned user extensions: 0
[2019-03-01 11:40:14.694] [sharedprocess] [info] Scanned user extensions: 0
[2019-03-01 11:45:14.699] [sharedprocess] [info] Scanned user extensions: 0
[2019-03-01 11:50:14.706] [sharedprocess] [info] Scanned user extensions: 0
[2019-03-01 11:55:14.714] [sharedprocess] [info] Scanned user extensions: 0
[2019-03-01 12:00:14.722] [sharedprocess] [info] Scanned user extensions: 0
[2019-03-01 12:05:14.730] [sharedprocess] [info] Scanned user extensions: 0
[2019-03-01 12:10:14.734] [sharedprocess] [info] Scanned user extensions: 0
[2019-03-01 12:15:14.741] [sharedprocess] [info] Scanned user extensions: 0
[2019-03-01 12:20:14.749] [sharedprocess] [info] Scanned user extensions: 0
[2019-03-01 12:25:14.754] [sharedprocess] [info] Scanned user extensions: 0
[2019-03-01 12:30:14.762] [sharedprocess] [info] Scanned user extensions: 0
[2019-03-01 12:35:14.771] [sharedprocess] [info] Scanned user extensions: 0
[2019-03-01 12:40:14.779] [sharedprocess] [info] Scanned user extensions: 0
[2019-03-01 12:45:14.788] [sharedprocess] [info] Scanned user extensions: 0
[2019-03-01 12:50:14.794] [sharedprocess] [info] Scanned user extensions: 0
[2019-03-01 12:55:14.801] [sharedprocess] [info] Scanned user extensions: 0
[2019-03-01 13:00:14.809] [sharedprocess] [info] Scanned user extensions: 0
[2019-03-01 13:05:14.814] [sharedprocess] [info] Scanned user extensions: 0
[2019-03-01 13:10:14.822] [sharedprocess] [info] Scanned user extensions: 0
[2019-03-01 13:15:14.827] [sharedprocess] [info] Scanned user extensions: 0
[2019-03-01 13:20:14.836] [sharedprocess] [info] Scanned user extensions: 0
[2019-03-01 13:25:14.844] [sharedprocess] [info] Scanned user extensions: 0
[2019-03-01 13:30:14.851] [sharedprocess] [info] Scanned user extensions: 0
[2019-03-01 13:35:14.860] [sharedprocess] [info] Scanned user extensions: 0
[2019-03-01 13:40:14.868] [sharedprocess] [info] Scanned user extensions: 0
[2019-03-01 13:45:14.876] [sharedprocess] [info] Scanned user extensions: 0
[2019-03-01 13:50:14.883] [sharedprocess] [info] Scanned user extensions: 0
[2019-03-01 13:55:14.890] [sharedprocess] [info] Scanned user extensions: 0
[2019-03-01 14:00:14.897] [sharedprocess] [info] Scanned user extensions: 0
[2019-03-01 14:05:14.906] [sharedprocess] [info] Scanned user extensions: 0
[2019-03-01 14:10:14.913] [sharedprocess] [info] Scanned user extensions: 0
[2019-03-01 14:15:14.922] [sharedprocess] [info] Scanned user extensions: 0
[2019-03-01 14:20:14.926] [sharedprocess] [info] Scanned user extensions: 0
[2019-03-01 14:25:14.934] [sharedprocess] [info] Scanned user extensions: 0
[2019-03-01 14:30:14.942] [sharedprocess] [info] Scanned user extensions: 0
[2019-03-01 14:35:14.947] [sharedprocess] [info] Scanned user extensions: 0
[2019-03-01 14:40:14.956] [sharedprocess] [info] Scanned user extensions: 0
[2019-03-01 14:45:14.966] [sharedprocess] [info] Scanned user extensions: 0
[2019-03-01 14:50:14.974] [sharedprocess] [info] Scanned user extensions: 0
[2019-03-01 14:55:14.981] [sharedprocess] [info] Scanned user extensions: 0
[2019-03-01 15:00:14.990] [sharedprocess] [info] Scanned user extensions: 0
[2019-03-01 15:05:14.999] [sharedprocess] [info] Scanned user extensions: 0
[2019-03-01 15:10:15.007] [sharedprocess] [info] Scanned user extensions: 0
[2019-03-01 15:15:15.013] [sharedprocess] [info] Scanned user extensions: 0
[2019-03-01 15:20:15.021] [sharedprocess] [info] Scanned user extensions: 0
[2019-03-01 15:25:15.029] [sharedprocess] [info] Scanned user extensions: 0
[2019-03-01 15:30:15.037] [sharedprocess] [info] Scanned user extensions: 0
[2019-03-01 15:35:15.045] [sharedprocess] [info] Scanned user extensions: 0
[2019-03-01 15:40:15.053] [sharedprocess] [info] Scanned user extensions: 0
[2019-03-01 15:45:15.060] [sharedprocess] [info] Scanned user extensions: 0
[2019-03-01 15:50:15.067] [sharedprocess] [info] Scanned user extensions: 0
[2019-03-01 15:55:15.077] [sharedprocess] [info] Scanned user extensions: 0
[2019-03-01 16:00:15.085] [sharedprocess] [info] Scanned user extensions: 0
[2019-03-01 16:05:15.093] [sharedprocess] [info] Scanned user extensions: 0
[2019-03-01 16:10:15.101] [sharedprocess] [info] Scanned user extensions: 0
[2019-03-01 16:15:15.109] [sharedprocess] [info] Scanned user extensions: 0
[2019-03-01 16:20:15.116] [sharedprocess] [info] Scanned user extensions: 0
[2019-03-01 16:25:15.124] [sharedprocess] [info] Scanned user extensions: 0
[2019-03-01 16:30:15.132] [sharedprocess] [info] Scanned user extensions: 0
[2019-03-01 16:35:15.136] [sharedprocess] [info] Scanned user extensions: 0
[2019-03-01 16:40:15.144] [sharedprocess] [info] Scanned user extensions: 0
[2019-03-01 16:45:15.152] [sharedprocess] [info] Scanned user extensions: 0
[2019-03-01 16:50:15.160] [sharedprocess] [info] Scanned user extensions: 0
[2019-03-01 16:55:15.166] [sharedprocess] [info] Scanned user extensions: 0
[2019-03-01 17:00:15.174] [sharedprocess] [info] Scanned user extensions: 0
[2019-03-01 17:05:15.180] [sharedprocess] [info] Scanned user extensions: 0
[2019-03-01 17:10:15.188] [sharedprocess] [info] Scanned user extensions: 0
[2019-03-01 17:15:15.196] [sharedprocess] [info] Scanned user extensions: 0
[2019-03-01 17:20:15.208] [sharedprocess] [info] Scanned user extensions: 0
[2019-03-01 17:25:15.213] [sharedprocess] [info] Scanned user extensions: 0
[2019-03-01 17:30:15.221] [sharedprocess] [info] Scanned user extensions: 0
[2019-03-01 17:35:15.229] [sharedprocess] [info] Scanned user extensions: 0
[2019-03-01 17:40:15.237] [sharedprocess] [info] Scanned user extensions: 0
[2019-03-01 17:45:15.246] [sharedprocess] [info] Scanned user extensions: 0
[2019-03-01 17:50:15.253] [sharedprocess] [info] Scanned user extensions: 0
[2019-03-01 17:55:15.261] [sharedprocess] [info] Scanned user extensions: 0
[2019-03-01 18:00:15.269] [sharedprocess] [info] Scanned user extensions: 0
[2019-03-01 18:05:15.274] [sharedprocess] [info] Scanned user extensions: 0
[2019-03-01 18:10:15.283] [sharedprocess] [info] Scanned user extensions: 0
[2019-03-01 18:15:15.291] [sharedprocess] [info] Scanned user extensions: 0
[2019-03-01 18:20:15.298] [sharedprocess] [info] Scanned user extensions: 0
[2019-03-01 18:25:15.308] [sharedprocess] [info] Scanned user extensions: 0
[2019-03-01 18:30:15.316] [sharedprocess] [info] Scanned user extensions: 0
[2019-03-01 18:35:15.323] [sharedprocess] [info] Scanned user extensions: 0
[2019-03-01 18:40:15.332] [sharedprocess] [info] Scanned user extensions: 0
[2019-03-01 18:45:15.338] [sharedprocess] [info] Scanned user extensions: 0
[2019-03-01 18:50:15.347] [sharedprocess] [info] Scanned user extensions: 0
[2019-03-01 18:55:15.355] [sharedprocess] [info] Scanned user extensions: 0
[2019-03-01 19:00:15.365] [sharedprocess] [info] Scanned user extensions: 0
[2019-03-01 19:05:15.373] [sharedprocess] [info] Scanned user extensions: 0
[2019-03-01 19:10:15.381] [sharedprocess] [info] Scanned user extensions: 0
[2019-03-01 19:15:15.391] [sharedprocess] [info] Scanned user extensions: 0
[2019-03-01 19:20:15.400] [sharedprocess] [info] Scanned user extensions: 0
[2019-03-01 19:25:15.409] [sharedprocess] [info] Scanned user extensions: 0
[2019-03-01 19:30:15.417] [sharedprocess] [info] Scanned user extensions: 0
[2019-03-01 19:35:15.426] [sharedprocess] [info] Scanned user extensions: 0
[2019-03-01 19:40:15.434] [sharedprocess] [info] Scanned user extensions: 0
[2019-03-01 19:45:15.443] [sharedprocess] [info] Scanned user extensions: 0
[2019-03-01 19:50:15.447] [sharedprocess] [info] Scanned user extensions: 0
[2019-03-01 19:55:15.454] [sharedprocess] [info] Scanned user extensions: 0
[2019-03-01 20:00:15.463] [sharedprocess] [info] Scanned user extensions: 0
[2019-03-01 20:05:15.471] [sharedprocess] [info] Scanned user extensions: 0
[2019-03-01 20:10:15.476] [sharedprocess] [info] Scanned user extensions: 0
[2019-03-01 20:15:15.480] [sharedprocess] [info] Scanned user extensions: 0
[2019-03-01 20:20:15.488] [sharedprocess] [info] Scanned user extensions: 0
[2019-03-01 20:25:15.494] [sharedprocess] [info] Scanned user extensions: 0
[2019-03-01 20:30:15.502] [sharedprocess] [info] Scanned user extensions: 0
[2019-03-01 20:35:15.507] [sharedprocess] [info] Scanned user extensions: 0
[2019-03-01 20:40:15.515] [sharedprocess] [info] Scanned user extensions: 0
[2019-03-01 20:45:15.523] [sharedprocess] [info] Scanned user extensions: 0
[2019-03-01 20:50:15.536] [sharedprocess] [info] Scanned user extensions: 0
[2019-03-01 20:55:15.541] [sharedprocess] [info] Scanned user extensions: 0
[2019-03-01 21:00:15.549] [sharedprocess] [info] Scanned user extensions: 0
[2019-03-01 21:05:15.557] [sharedprocess] [info] Scanned user extensions: 0
[2019-03-01 21:10:15.565] [sharedprocess] [info] Scanned user extensions: 0
[2019-03-01 21:15:15.573] [sharedprocess] [info] Scanned user extensions: 0
[2019-03-01 21:20:15.580] [sharedprocess] [info] Scanned user extensions: 0
[2019-03-01 21:25:15.588] [sharedprocess] [info] Scanned user extensions: 0
[2019-03-01 21:30:15.596] [sharedprocess] [info] Scanned user extensions: 0
[2019-03-01 21:35:15.603] [sharedprocess] [info] Scanned user extensions: 0
[2019-03-01 21:40:15.611] [sharedprocess] [info] Scanned user extensions: 0
[2019-03-01 21:45:15.619] [sharedprocess] [info] Scanned user extensions: 0
[2019-03-01 21:50:15.626] [sharedprocess] [info] Scanned user extensions: 0
[2019-03-01 21:55:15.634] [sharedprocess] [info] Scanned user extensions: 0
[2019-03-01 22:00:15.642] [sharedprocess] [info] Scanned user extensions: 0
[2019-03-01 22:05:15.650] [sharedprocess] [info] Scanned user extensions: 0
[2019-03-01 22:10:15.656] [sharedprocess] [info] Scanned user extensions: 0
[2019-03-01 22:15:15.663] [sharedprocess] [info] Scanned user extensions: 0
[2019-03-01 22:20:15.671] [sharedprocess] [info] Scanned user extensions: 0
[2019-03-01 22:25:15.679] [sharedprocess] [info] Scanned user extensions: 0
[2019-03-01 22:30:15.688] [sharedprocess] [info] Scanned user extensions: 0
[2019-03-01 22:35:15.695] [sharedprocess] [info] Scanned user extensions: 0
[2019-03-01 22:40:15.703] [sharedprocess] [info] Scanned user extensions: 0
[2019-03-01 22:45:15.711] [sharedprocess] [info] Scanned user extensions: 0
[2019-03-01 22:50:15.714] [sharedprocess] [info] Scanned user extensions: 0
[2019-03-01 22:55:15.719] [sharedprocess] [info] Scanned user extensions: 0
[2019-03-01 23:00:15.728] [sharedprocess] [info] Scanned user extensions: 0
[2019-03-01 23:05:15.734] [sharedprocess] [info] Scanned user extensions: 0
[2019-03-01 23:10:15.741] [sharedprocess] [info] Scanned user extensions: 0
[2019-03-01 23:15:15.747] [sharedprocess] [info] Scanned user extensions: 0
[2019-03-01 23:20:15.753] [sharedprocess] [info] Scanned user extensions: 0
[2019-03-01 23:25:15.761] [sharedprocess] [info] Scanned user extensions: 0
[2019-03-01 23:30:15.769] [sharedprocess] [info] Scanned user extensions: 0
[2019-03-01 23:35:15.777] [sharedprocess] [info] Scanned user extensions: 0
[2019-03-01 23:40:15.787] [sharedprocess] [info] Scanned user extensions: 0
[2019-03-01 23:45:15.796] [sharedprocess] [info] Scanned user extensions: 0
[2019-03-01 23:50:15.805] [sharedprocess] [info] Scanned user extensions: 0
[2019-03-01 23:55:15.813] [sharedprocess] [info] Scanned user extensions: 0
[2019-03-02 00:00:15.821] [sharedprocess] [info] Scanned user extensions: 0
[2019-03-02 00:05:15.828] [sharedprocess] [info] Scanned user extensions: 0
[2019-03-02 00:10:15.836] [sharedprocess] [info] Scanned user extensions: 0
[2019-03-02 00:15:15.843] [sharedprocess] [info] Scanned user extensions: 0
[2019-03-02 00:20:15.851] [sharedprocess] [info] Scanned user extensions: 0
[2019-03-02 00:25:15.859] [sharedprocess] [info] Scanned user extensions: 0
[2019-03-02 00:30:15.865] [sharedprocess] [info] Scanned user extensions: 0
[2019-03-02 00:35:15.873] [sharedprocess] [info] Scanned user extensions: 0
[2019-03-02 00:40:15.881] [sharedprocess] [info] Scanned user extensions: 0
[2019-03-02 00:45:15.886] [sharedprocess] [info] Scanned user extensions: 0
[2019-03-02 00:50:15.894] [sharedprocess] [info] Scanned user extensions: 0
[2019-03-02 00:55:15.901] [sharedprocess] [info] Scanned user extensions: 0
[2019-03-02 01:00:15.909] [sharedprocess] [info] Scanned user extensions: 0
[2019-03-02 01:05:15.917] [sharedprocess] [info] Scanned user extensions: 0
[2019-03-02 01:10:15.926] [sharedprocess] [info] Scanned user extensions: 0
[2019-03-02 01:15:15.931] [sharedprocess] [info] Scanned user extensions: 0
[2019-03-02 01:20:15.939] [sharedprocess] [info] Scanned user extensions: 0
[2019-03-02 01:25:15.948] [sharedprocess] [info] Scanned user extensions: 0
[2019-03-02 01:30:15.954] [sharedprocess] [info] Scanned user extensions: 0
[2019-03-02 01:35:15.964] [sharedprocess] [info] Scanned user extensions: 0
[2019-03-02 01:40:15.972] [sharedprocess] [info] Scanned user extensions: 0
[2019-03-02 01:45:15.977] [sharedprocess] [info] Scanned user extensions: 0
[2019-03-02 01:50:15.986] [sharedprocess] [info] Scanned user extensions: 0
[2019-03-02 01:55:15.994] [sharedprocess] [info] Scanned user extensions: 0
[2019-03-02 02:00:16.004] [sharedprocess] [info] Scanned user extensions: 0
[2019-03-02 02:05:16.012] [sharedprocess] [info] Scanned user extensions: 0
[2019-03-02 02:10:16.021] [sharedprocess] [info] Scanned user extensions: 0
[2019-03-02 02:15:16.025] [sharedprocess] [info] Scanned user extensions: 0
[2019-03-02 02:20:16.033] [sharedprocess] [info] Scanned user extensions: 0
[2019-03-02 02:25:16.041] [sharedprocess] [info] Scanned user extensions: 0
[2019-03-02 02:30:16.049] [sharedprocess] [info] Scanned user extensions: 0
[2019-03-02 02:35:16.057] [sharedprocess] [info] Scanned user extensions: 0
[2019-03-02 02:40:16.065] [sharedprocess] [info] Scanned user extensions: 0
[2019-03-02 02:45:16.073] [sharedprocess] [info] Scanned user extensions: 0
[2019-03-02 02:50:16.081] [sharedprocess] [info] Scanned user extensions: 0
[2019-03-02 02:55:16.089] [sharedprocess] [info] Scanned user extensions: 0
[2019-03-02 03:00:16.096] [sharedprocess] [info] Scanned user extensions: 0
[2019-03-02 03:05:16.102] [sharedprocess] [info] Scanned user extensions: 0
[2019-03-02 03:10:16.110] [sharedprocess] [info] Scanned user extensions: 0
[2019-03-02 03:15:16.119] [sharedprocess] [info] Scanned user extensions: 0
[2019-03-02 03:20:16.129] [sharedprocess] [info] Scanned user extensions: 0
[2019-03-02 03:25:16.136] [sharedprocess] [info] Scanned user extensions: 0
[2019-03-02 03:30:16.144] [sharedprocess] [info] Scanned user extensions: 0
[2019-03-02 03:35:16.151] [sharedprocess] [info] Scanned user extensions: 0
[2019-03-02 03:40:16.159] [sharedprocess] [info] Scanned user extensions: 0
[2019-03-02 03:45:16.167] [sharedprocess] [info] Scanned user extensions: 0
[2019-03-02 03:50:16.171] [sharedprocess] [info] Scanned user extensions: 0
[2019-03-02 03:55:16.179] [sharedprocess] [info] Scanned user extensions: 0
[2019-03-02 04:00:16.187] [sharedprocess] [info] Scanned user extensions: 0
[2019-03-02 04:05:16.194] [sharedprocess] [info] Scanned user extensions: 0
[2019-03-02 04:10:16.202] [sharedprocess] [info] Scanned user extensions: 0
[2019-03-02 04:15:16.212] [sharedprocess] [info] Scanned user extensions: 0
[2019-03-02 04:20:16.221] [sharedprocess] [info] Scanned user extensions: 0
[2019-03-02 04:25:16.229] [sharedprocess] [info] Scanned user extensions: 0
[2019-03-02 04:30:16.237] [sharedprocess] [info] Scanned user extensions: 0
[2019-03-02 04:35:16.243] [sharedprocess] [info] Scanned user extensions: 0
[2019-03-02 04:40:16.253] [sharedprocess] [info] Scanned user extensions: 0
[2019-03-02 04:45:16.261] [sharedprocess] [info] Scanned user extensions: 0
[2019-03-02 04:50:16.267] [sharedprocess] [info] Scanned user extensions: 0
[2019-03-02 04:55:16.274] [sharedprocess] [info] Scanned user extensions: 0
[2019-03-02 05:00:16.282] [sharedprocess] [info] Scanned user extensions: 0
[2019-03-02 05:05:16.288] [sharedprocess] [info] Scanned user extensions: 0
[2019-03-02 05:10:16.297] [sharedprocess] [info] Scanned user extensions: 0
[2019-03-02 05:15:16.305] [sharedprocess] [info] Scanned user extensions: 0
[2019-03-02 05:20:16.310] [sharedprocess] [info] Scanned user extensions: 0
[2019-03-02 05:25:16.318] [sharedprocess] [info] Scanned user extensions: 0
[2019-03-02 05:30:16.325] [sharedprocess] [info] Scanned user extensions: 0
[2019-03-02 05:35:16.330] [sharedprocess] [info] Scanned user extensions: 0
[2019-03-02 05:40:16.338] [sharedprocess] [info] Scanned user extensions: 0
[2019-03-02 05:45:16.348] [sharedprocess] [info] Scanned user extensions: 0
[2019-03-02 05:50:16.355] [sharedprocess] [info] Scanned user extensions: 0
[2019-03-02 05:55:16.364] [sharedprocess] [info] Scanned user extensions: 0
[2019-03-02 06:00:16.369] [sharedprocess] [info] Scanned user extensions: 0
[2019-03-02 06:05:16.375] [sharedprocess] [info] Scanned user extensions: 0
[2019-03-02 06:10:16.383] [sharedprocess] [info] Scanned user extensions: 0
[2019-03-02 06:15:16.392] [sharedprocess] [info] Scanned user extensions: 0
[2019-03-02 06:20:16.400] [sharedprocess] [info] Scanned user extensions: 0
[2019-03-02 06:25:16.408] [sharedprocess] [info] Scanned user extensions: 0
[2019-03-02 06:30:16.415] [sharedprocess] [info] Scanned user extensions: 0
[2019-03-02 06:35:16.424] [sharedprocess] [info] Scanned user extensions: 0
[2019-03-02 06:40:16.432] [sharedprocess] [info] Scanned user extensions: 0
[2019-03-02 06:45:16.440] [sharedprocess] [info] Scanned user extensions: 0
[2019-03-02 06:50:16.447] [sharedprocess] [info] Scanned user extensions: 0
[2019-03-02 06:55:16.454] [sharedprocess] [info] Scanned user extensions: 0
[2019-03-02 07:00:16.463] [sharedprocess] [info] Scanned user extensions: 0
[2019-03-02 07:05:16.472] [sharedprocess] [info] Scanned user extensions: 0
[2019-03-02 07:10:16.480] [sharedprocess] [info] Scanned user extensions: 0
[2019-03-02 07:15:16.488] [sharedprocess] [info] Scanned user extensions: 0
[2019-03-02 07:20:16.496] [sharedprocess] [info] Scanned user extensions: 0
[2019-03-02 07:25:16.504] [sharedprocess] [info] Scanned user extensions: 0
[2019-03-02 07:30:16.512] [sharedprocess] [info] Scanned user extensions: 0
[2019-03-02 07:35:16.520] [sharedprocess] [info] Scanned user extensions: 0
[2019-03-02 07:40:16.526] [sharedprocess] [info] Scanned user extensions: 0
[2019-03-02 07:45:16.534] [sharedprocess] [info] Scanned user extensions: 0
[2019-03-02 07:50:16.541] [sharedprocess] [info] Scanned user extensions: 0
[2019-03-02 07:55:16.547] [sharedprocess] [info] Scanned user extensions: 0
[2019-03-02 08:00:16.554] [sharedprocess] [info] Scanned user extensions: 0
[2019-03-02 08:05:16.562] [sharedprocess] [info] Scanned user extensions: 0
[2019-03-02 08:10:16.572] [sharedprocess] [info] Scanned user extensions: 0
[2019-03-02 08:15:16.583] [sharedprocess] [info] Scanned user extensions: 0
[2019-03-02 08:20:16.594] [sharedprocess] [info] Scanned user extensions: 0
[2019-03-02 08:25:16.601] [sharedprocess] [info] Scanned user extensions: 0
[2019-03-02 08:30:16.608] [sharedprocess] [info] Scanned user extensions: 0
[2019-03-02 08:35:16.618] [sharedprocess] [info] Scanned user extensions: 0
[2019-03-02 08:40:16.624] [sharedprocess] [info] Scanned user extensions: 0
[2019-03-02 08:45:16.632] [sharedprocess] [info] Scanned user extensions: 0
[2019-03-02 08:50:16.639] [sharedprocess] [info] Scanned user extensions: 0
[2019-03-02 08:55:16.646] [sharedprocess] [info] Scanned user extensions: 0
[2019-03-02 09:00:16.654] [sharedprocess] [info] Scanned user extensions: 0
[2019-03-02 09:05:16.662] [sharedprocess] [info] Scanned user extensions: 0
[2019-03-02 09:10:16.668] [sharedprocess] [info] Scanned user extensions: 0
[2019-03-02 09:15:16.676] [sharedprocess] [info] Scanned user extensions: 0
[2019-03-02 09:20:16.684] [sharedprocess] [info] Scanned user extensions: 0
[2019-03-02 09:25:16.688] [sharedprocess] [info] Scanned user extensions: 0
[2019-03-02 09:30:16.695] [sharedprocess] [info] Scanned user extensions: 0
[2019-03-02 09:35:16.702] [sharedprocess] [info] Scanned user extensions: 0
[2019-03-02 09:40:16.708] [sharedprocess] [info] Scanned user extensions: 0
[2019-03-02 09:45:16.716] [sharedprocess] [info] Scanned user extensions: 0
[2019-03-02 09:50:16.724] [sharedprocess] [info] Scanned user extensions: 0
[2019-03-02 09:55:16.732] [sharedprocess] [info] Scanned user extensions: 0
[2019-03-02 10:00:16.740] [sharedprocess] [info] Scanned user extensions: 0
[2019-03-02 10:05:16.748] [sharedprocess] [info] Scanned user extensions: 0
[2019-03-02 10:10:16.756] [sharedprocess] [info] Scanned user extensions: 0
[2019-03-02 10:15:16.762] [sharedprocess] [info] Scanned user extensions: 0
[2019-03-02 10:20:16.770] [sharedprocess] [info] Scanned user extensions: 0
[2019-03-02 10:25:16.778] [sharedprocess] [info] Scanned user extensions: 0
[2019-03-02 10:30:16.786] [sharedprocess] [info] Scanned user extensions: 0
[2019-03-02 10:35:16.794] [sharedprocess] [info] Scanned user extensions: 0
[2019-03-02 10:40:16.801] [sharedprocess] [info] Scanned user extensions: 0
[2019-03-02 10:45:16.809] [sharedprocess] [info] Scanned user extensions: 0
[2019-03-02 10:50:16.817] [sharedprocess] [info] Scanned user extensions: 0
[2019-03-02 10:55:16.824] [sharedprocess] [info] Scanned user extensions: 0
[2019-03-02 11:00:16.833] [sharedprocess] [info] Scanned user extensions: 0
[2019-03-02 11:05:16.841] [sharedprocess] [info] Scanned user extensions: 0
[2019-03-02 11:10:16.851] [sharedprocess] [info] Scanned user extensions: 0
[2019-03-02 11:15:16.858] [sharedprocess] [info] Scanned user extensions: 0
[2019-03-02 11:20:16.866] [sharedprocess] [info] Scanned user extensions: 0
[2019-03-02 11:25:16.874] [sharedprocess] [info] Scanned user extensions: 0
[2019-03-02 11:30:16.882] [sharedprocess] [info] Scanned user extensions: 0
[2019-03-02 11:35:16.890] [sharedprocess] [info] Scanned user extensions: 0
[2019-03-02 11:40:16.898] [sharedprocess] [info] Scanned user extensions: 0
[2019-03-02 11:45:16.905] [sharedprocess] [info] Scanned user extensions: 0
[2019-03-02 11:50:16.913] [sharedprocess] [info] Scanned user extensions: 0
[2019-03-02 11:55:16.926] [sharedprocess] [info] Scanned user extensions: 0
[2019-03-02 12:00:16.932] [sharedprocess] [info] Scanned user extensions: 0
[2019-03-02 12:05:16.939] [sharedprocess] [info] Scanned user extensions: 0
[2019-03-02 12:10:16.947] [sharedprocess] [info] Scanned user extensions: 0
[2019-03-02 12:15:16.951] [sharedprocess] [info] Scanned user extensions: 0
[2019-03-02 12:20:16.958] [sharedprocess] [info] Scanned user extensions: 0
[2019-03-02 12:25:16.966] [sharedprocess] [info] Scanned user extensions: 0
[2019-03-02 12:30:16.973] [sharedprocess] [info] Scanned user extensions: 0
[2019-03-02 12:35:16.981] [sharedprocess] [info] Scanned user extensions: 0
[2019-03-02 12:40:16.985] [sharedprocess] [info] Scanned user extensions: 0
[2019-03-02 12:45:16.989] [sharedprocess] [info] Scanned user extensions: 0
[2019-03-02 12:50:16.996] [sharedprocess] [info] Scanned user extensions: 0
[2019-03-02 12:55:17.004] [sharedprocess] [info] Scanned user extensions: 0
[2019-03-02 13:00:17.009] [sharedprocess] [info] Scanned user extensions: 0
[2019-03-02 13:05:17.016] [sharedprocess] [info] Scanned user extensions: 0
[2019-03-02 13:10:17.024] [sharedprocess] [info] Scanned user extensions: 0
[2019-03-02 13:15:17.031] [sharedprocess] [info] Scanned user extensions: 0
[2019-03-02 13:20:17.038] [sharedprocess] [info] Scanned user extensions: 0
[2019-03-02 13:25:17.046] [sharedprocess] [info] Scanned user extensions: 0
[2019-03-02 13:30:17.055] [sharedprocess] [info] Scanned user extensions: 0
[2019-03-02 13:35:17.061] [sharedprocess] [info] Scanned user extensions: 0
[2019-03-02 13:40:17.070] [sharedprocess] [info] Scanned user extensions: 0
[2019-03-02 13:45:17.074] [sharedprocess] [info] Scanned user extensions: 0
[2019-03-02 13:50:17.082] [sharedprocess] [info] Scanned user extensions: 0
[2019-03-02 13:55:17.089] [sharedprocess] [info] Scanned user extensions: 0
[2019-03-02 14:00:17.097] [sharedprocess] [info] Scanned user extensions: 0
[2019-03-02 14:05:17.105] [sharedprocess] [info] Scanned user extensions: 0
[2019-03-02 14:10:17.113] [sharedprocess] [info] Scanned user extensions: 0
[2019-03-02 14:15:17.116] [sharedprocess] [info] Scanned user extensions: 0
[2019-03-02 14:20:17.123] [sharedprocess] [info] Scanned user extensions: 0
[2019-03-02 14:25:17.131] [sharedprocess] [info] Scanned user extensions: 0
[2019-03-02 14:30:17.139] [sharedprocess] [info] Scanned user extensions: 0
[2019-03-02 14:35:17.148] [sharedprocess] [info] Scanned user extensions: 0
[2019-03-02 14:40:17.156] [sharedprocess] [info] Scanned user extensions: 0
[2019-03-02 14:45:17.164] [sharedprocess] [info] Scanned user extensions: 0
[2019-03-02 14:50:17.172] [sharedprocess] [info] Scanned user extensions: 0
[2019-03-02 14:55:17.183] [sharedprocess] [info] Scanned user extensions: 0
[2019-03-02 15:00:17.190] [sharedprocess] [info] Scanned user extensions: 0
[2019-03-02 15:05:17.198] [sharedprocess] [info] Scanned user extensions: 0
[2019-03-02 15:10:17.206] [sharedprocess] [info] Scanned user extensions: 0
[2019-03-02 15:15:17.215] [sharedprocess] [info] Scanned user extensions: 0
[2019-03-02 15:20:17.223] [sharedprocess] [info] Scanned user extensions: 0
[2019-03-02 15:25:17.230] [sharedprocess] [info] Scanned user extensions: 0
[2019-03-02 15:30:17.237] [sharedprocess] [info] Scanned user extensions: 0
[2019-03-02 15:35:17.245] [sharedprocess] [info] Scanned user extensions: 0
[2019-03-02 15:40:17.255] [sharedprocess] [info] Scanned user extensions: 0
[2019-03-02 15:45:17.263] [sharedprocess] [info] Scanned user extensions: 0
[2019-03-02 15:50:17.270] [sharedprocess] [info] Scanned user extensions: 0
[2019-03-02 15:55:17.276] [sharedprocess] [info] Scanned user extensions: 0
[2019-03-02 16:00:17.284] [sharedprocess] [info] Scanned user extensions: 0
[2019-03-02 16:05:17.292] [sharedprocess] [info] Scanned user extensions: 0
[2019-03-02 16:10:17.301] [sharedprocess] [info] Scanned user extensions: 0
[2019-03-02 16:15:17.309] [sharedprocess] [info] Scanned user extensions: 0
[2019-03-02 16:20:17.315] [sharedprocess] [info] Scanned user extensions: 0
[2019-03-02 16:25:17.323] [sharedprocess] [info] Scanned user extensions: 0
[2019-03-02 16:30:17.330] [sharedprocess] [info] Scanned user extensions: 0
[2019-03-02 16:35:17.335] [sharedprocess] [info] Scanned user extensions: 0
[2019-03-02 16:40:17.343] [sharedprocess] [info] Scanned user extensions: 0
[2019-03-02 16:45:17.352] [sharedprocess] [info] Scanned user extensions: 0
[2019-03-02 16:50:17.362] [sharedprocess] [info] Scanned user extensions: 0
[2019-03-02 16:55:17.369] [sharedprocess] [info] Scanned user extensions: 0
[2019-03-02 17:00:17.377] [sharedprocess] [info] Scanned user extensions: 0
[2019-03-02 17:05:17.384] [sharedprocess] [info] Scanned user extensions: 0
[2019-03-02 17:10:17.392] [sharedprocess] [info] Scanned user extensions: 0
[2019-03-02 17:15:17.400] [sharedprocess] [info] Scanned user extensions: 0
[2019-03-02 17:20:17.405] [sharedprocess] [info] Scanned user extensions: 0
[2019-03-02 17:25:17.412] [sharedprocess] [info] Scanned user extensions: 0
[2019-03-02 17:30:17.419] [sharedprocess] [info] Scanned user extensions: 0
[2019-03-02 17:35:17.425] [sharedprocess] [info] Scanned user extensions: 0
[2019-03-02 17:40:17.433] [sharedprocess] [info] Scanned user extensions: 0
[2019-03-02 17:45:17.440] [sharedprocess] [info] Scanned user extensions: 0
[2019-03-02 17:50:17.449] [sharedprocess] [info] Scanned user extensions: 0
[2019-03-02 17:55:17.457] [sharedprocess] [info] Scanned user extensions: 0
[2019-03-02 18:00:17.465] [sharedprocess] [info] Scanned user extensions: 0
[2019-03-02 18:05:17.473] [sharedprocess] [info] Scanned user extensions: 0
[2019-03-02 18:10:17.479] [sharedprocess] [info] Scanned user extensions: 0
[2019-03-02 18:15:17.487] [sharedprocess] [info] Scanned user extensions: 0
[2019-03-02 18:20:17.496] [sharedprocess] [info] Scanned user extensions: 0
[2019-03-02 18:25:17.504] [sharedprocess] [info] Scanned user extensions: 0
[2019-03-02 18:30:17.512] [sharedprocess] [info] Scanned user extensions: 0
[2019-03-02 18:35:17.521] [sharedprocess] [info] Scanned user extensions: 0
[2019-03-02 18:40:17.529] [sharedprocess] [info] Scanned user extensions: 0
[2019-03-02 18:45:17.537] [sharedprocess] [info] Scanned user extensions: 0
[2019-03-02 18:50:17.545] [sharedprocess] [info] Scanned user extensions: 0
[2019-03-02 18:55:17.553] [sharedprocess] [info] Scanned user extensions: 0
[2019-03-02 19:00:17.560] [sharedprocess] [info] Scanned user extensions: 0
[2019-03-02 19:05:17.568] [sharedprocess] [info] Scanned user extensions: 0
[2019-03-02 19:10:17.576] [sharedprocess] [info] Scanned user extensions: 0
[2019-03-02 19:15:17.584] [sharedprocess] [info] Scanned user extensions: 0
[2019-03-02 19:20:17.589] [sharedprocess] [info] Scanned user extensions: 0
[2019-03-02 19:25:17.596] [sharedprocess] [info] Scanned user extensions: 0
[2019-03-02 19:30:17.604] [sharedprocess] [info] Scanned user extensions: 0
[2019-03-02 19:35:17.612] [sharedprocess] [info] Scanned user extensions: 0
[2019-03-02 19:40:17.620] [sharedprocess] [info] Scanned user extensions: 0
[2019-03-02 19:45:17.628] [sharedprocess] [info] Scanned user extensions: 0
[2019-03-02 19:50:17.633] [sharedprocess] [info] Scanned user extensions: 0
[2019-03-02 19:55:17.641] [sharedprocess] [info] Scanned user extensions: 0
[2019-03-02 20:00:17.649] [sharedprocess] [info] Scanned user extensions: 0
[2019-03-02 20:05:17.657] [sharedprocess] [info] Scanned user extensions: 0
[2019-03-02 20:10:17.665] [sharedprocess] [info] Scanned user extensions: 0
[2019-03-02 20:15:17.673] [sharedprocess] [info] Scanned user extensions: 0
[2019-03-02 20:20:17.680] [sharedprocess] [info] Scanned user extensions: 0
[2019-03-02 20:25:17.688] [sharedprocess] [info] Scanned user extensions: 0
[2019-03-02 20:30:17.696] [sharedprocess] [info] Scanned user extensions: 0
[2019-03-02 20:35:17.701] [sharedprocess] [info] Scanned user extensions: 0
[2019-03-02 20:40:17.709] [sharedprocess] [info] Scanned user extensions: 0
[2019-03-02 20:45:17.717] [sharedprocess] [info] Scanned user extensions: 0
[2019-03-02 20:50:17.720] [sharedprocess] [info] Scanned user extensions: 0
[2019-03-02 20:55:17.728] [sharedprocess] [info] Scanned user extensions: 0
[2019-03-02 21:00:17.737] [sharedprocess] [info] Scanned user extensions: 0
[2019-03-02 21:05:17.740] [sharedprocess] [info] Scanned user extensions: 0
[2019-03-02 21:10:17.748] [sharedprocess] [info] Scanned user extensions: 0
[2019-03-02 21:15:17.756] [sharedprocess] [info] Scanned user extensions: 0
[2019-03-02 21:20:17.764] [sharedprocess] [info] Scanned user extensions: 0
[2019-03-02 21:25:17.772] [sharedprocess] [info] Scanned user extensions: 0
[2019-03-02 21:30:17.781] [sharedprocess] [info] Scanned user extensions: 0
[2019-03-02 21:35:17.787] [sharedprocess] [info] Scanned user extensions: 0
[2019-03-02 21:40:17.795] [sharedprocess] [info] Scanned user extensions: 0
[2019-03-02 21:45:17.803] [sharedprocess] [info] Scanned user extensions: 0
[2019-03-02 21:50:17.808] [sharedprocess] [info] Scanned user extensions: 0
[2019-03-02 21:55:17.814] [sharedprocess] [info] Scanned user extensions: 0
[2019-03-02 22:00:17.825] [sharedprocess] [info] Scanned user extensions: 0
[2019-03-02 22:05:17.830] [sharedprocess] [info] Scanned user extensions: 0
[2019-03-02 22:10:17.838] [sharedprocess] [info] Scanned user extensions: 0
[2019-03-02 22:15:17.846] [sharedprocess] [info] Scanned user extensions: 0
[2019-03-02 22:20:17.850] [sharedprocess] [info] Scanned user extensions: 0
[2019-03-02 22:25:17.858] [sharedprocess] [info] Scanned user extensions: 0
[2019-03-02 22:30:17.867] [sharedprocess] [info] Scanned user extensions: 0
[2019-03-02 22:35:17.873] [sharedprocess] [info] Scanned user extensions: 0
[2019-03-02 22:40:17.881] [sharedprocess] [info] Scanned user extensions: 0
[2019-03-02 22:45:17.889] [sharedprocess] [info] Scanned user extensions: 0
[2019-03-02 22:50:17.898] [sharedprocess] [info] Scanned user extensions: 0
[2019-03-02 22:55:17.905] [sharedprocess] [info] Scanned user extensions: 0
[2019-03-02 23:00:17.913] [sharedprocess] [info] Scanned user extensions: 0
[2019-03-02 23:05:17.921] [sharedprocess] [info] Scanned user extensions: 0
[2019-03-02 23:10:17.929] [sharedprocess] [info] Scanned user extensions: 0
[2019-03-02 23:15:17.937] [sharedprocess] [info] Scanned user extensions: 0
[2019-03-02 23:20:17.941] [sharedprocess] [info] Scanned user extensions: 0
[2019-03-02 23:25:17.949] [sharedprocess] [info] Scanned user extensions: 0
[2019-03-02 23:30:17.957] [sharedprocess] [info] Scanned user extensions: 0
[2019-03-02 23:35:17.965] [sharedprocess] [info] Scanned user extensions: 0
[2019-03-02 23:40:17.972] [sharedprocess] [info] Scanned user extensions: 0
[2019-03-02 23:45:17.980] [sharedprocess] [info] Scanned user extensions: 0
[2019-03-02 23:50:17.988] [sharedprocess] [info] Scanned user extensions: 0
[2019-03-02 23:55:17.996] [sharedprocess] [info] Scanned user extensions: 0
[2019-03-03 00:00:18.006] [sharedprocess] [info] Scanned user extensions: 0
[2019-03-03 00:05:18.014] [sharedprocess] [info] Scanned user extensions: 0
[2019-03-03 00:10:18.018] [sharedprocess] [info] Scanned user extensions: 0
[2019-03-03 00:15:18.026] [sharedprocess] [info] Scanned user extensions: 0
[2019-03-03 00:20:18.034] [sharedprocess] [info] Scanned user extensions: 0
[2019-03-03 00:25:18.038] [sharedprocess] [info] Scanned user extensions: 0
[2019-03-03 00:30:18.046] [sharedprocess] [info] Scanned user extensions: 0
[2019-03-03 00:35:18.054] [sharedprocess] [info] Scanned user extensions: 0
[2019-03-03 00:40:18.061] [sharedprocess] [info] Scanned user extensions: 0
[2019-03-03 00:45:18.069] [sharedprocess] [info] Scanned user extensions: 0
[2019-03-03 00:50:18.077] [sharedprocess] [info] Scanned user extensions: 0
[2019-03-03 00:55:18.084] [sharedprocess] [info] Scanned user extensions: 0
[2019-03-03 01:00:18.093] [sharedprocess] [info] Scanned user extensions: 0
[2019-03-03 01:05:18.101] [sharedprocess] [info] Scanned user extensions: 0
[2019-03-03 01:10:18.106] [sharedprocess] [info] Scanned user extensions: 0
[2019-03-03 01:15:18.114] [sharedprocess] [info] Scanned user extensions: 0
[2019-03-03 01:20:18.122] [sharedprocess] [info] Scanned user extensions: 0
[2019-03-03 01:25:18.127] [sharedprocess] [info] Scanned user extensions: 0
[2019-03-03 01:30:18.139] [sharedprocess] [info] Scanned user extensions: 0
[2019-03-03 01:35:18.147] [sharedprocess] [info] Scanned user extensions: 0
[2019-03-03 01:40:18.155] [sharedprocess] [info] Scanned user extensions: 0
[2019-03-03 01:45:18.164] [sharedprocess] [info] Scanned user extensions: 0
[2019-03-03 01:50:18.172] [sharedprocess] [info] Scanned user extensions: 0
[2019-03-03 01:55:18.178] [sharedprocess] [info] Scanned user extensions: 0
[2019-03-03 02:00:18.185] [sharedprocess] [info] Scanned user extensions: 0
[2019-03-03 02:05:18.193] [sharedprocess] [info] Scanned user extensions: 0
[2019-03-03 02:10:18.201] [sharedprocess] [info] Scanned user extensions: 0
[2019-03-03 02:15:18.209] [sharedprocess] [info] Scanned user extensions: 0
[2019-03-03 02:20:18.216] [sharedprocess] [info] Scanned user extensions: 0
[2019-03-03 02:25:18.224] [sharedprocess] [info] Scanned user extensions: 0
[2019-03-03 02:30:18.232] [sharedprocess] [info] Scanned user extensions: 0
[2019-03-03 02:35:18.239] [sharedprocess] [info] Scanned user extensions: 0
[2019-03-03 02:40:18.248] [sharedprocess] [info] Scanned user extensions: 0
[2019-03-03 02:45:18.252] [sharedprocess] [info] Scanned user extensions: 0
[2019-03-03 02:50:18.259] [sharedprocess] [info] Scanned user extensions: 0
[2019-03-03 02:55:18.267] [sharedprocess] [info] Scanned user extensions: 0
[2019-03-03 03:00:18.273] [sharedprocess] [info] Scanned user extensions: 0
[2019-03-03 03:05:18.281] [sharedprocess] [info] Scanned user extensions: 0
[2019-03-03 03:10:18.288] [sharedprocess] [info] Scanned user extensions: 0
[2019-03-03 03:15:18.292] [sharedprocess] [info] Scanned user extensions: 0
[2019-03-03 03:20:18.297] [sharedprocess] [info] Scanned user extensions: 0
[2019-03-03 03:25:18.303] [sharedprocess] [info] Scanned user extensions: 0
[2019-03-03 03:30:18.310] [sharedprocess] [info] Scanned user extensions: 0
[2019-03-03 03:35:18.317] [sharedprocess] [info] Scanned user extensions: 0
[2019-03-03 03:40:18.325] [sharedprocess] [info] Scanned user extensions: 0
[2019-03-03 03:45:18.332] [sharedprocess] [info] Scanned user extensions: 0
[2019-03-03 03:50:18.340] [sharedprocess] [info] Scanned user extensions: 0
[2019-03-03 03:55:18.348] [sharedprocess] [info] Scanned user extensions: 0
[2019-03-03 04:00:18.354] [sharedprocess] [info] Scanned user extensions: 0
[2019-03-03 04:05:18.361] [sharedprocess] [info] Scanned user extensions: 0
[2019-03-03 04:10:18.369] [sharedprocess] [info] Scanned user extensions: 0
[2019-03-03 04:15:18.376] [sharedprocess] [info] Scanned user extensions: 0
[2019-03-03 04:20:18.384] [sharedprocess] [info] Scanned user extensions: 0
[2019-03-03 04:25:18.393] [sharedprocess] [info] Scanned user extensions: 0
[2019-03-03 04:30:18.399] [sharedprocess] [info] Scanned user extensions: 0
[2019-03-03 04:35:18.407] [sharedprocess] [info] Scanned user extensions: 0
[2019-03-03 04:40:18.415] [sharedprocess] [info] Scanned user extensions: 0
[2019-03-03 04:45:18.422] [sharedprocess] [info] Scanned user extensions: 0
[2019-03-03 04:50:18.430] [sharedprocess] [info] Scanned user extensions: 0
[2019-03-03 04:55:18.437] [sharedprocess] [info] Scanned user extensions: 0
[2019-03-03 05:00:18.440] [sharedprocess] [info] Scanned user extensions: 0
[2019-03-03 05:05:18.448] [sharedprocess] [info] Scanned user extensions: 0
[2019-03-03 05:10:18.455] [sharedprocess] [info] Scanned user extensions: 0
[2019-03-03 05:15:18.463] [sharedprocess] [info] Scanned user extensions: 0
[2019-03-03 05:20:18.471] [sharedprocess] [info] Scanned user extensions: 0
[2019-03-03 05:25:18.478] [sharedprocess] [info] Scanned user extensions: 0
[2019-03-03 05:30:18.484] [sharedprocess] [info] Scanned user extensions: 0
[2019-03-03 05:35:18.492] [sharedprocess] [info] Scanned user extensions: 0
[2019-03-03 05:40:18.502] [sharedprocess] [info] Scanned user extensions: 0
[2019-03-03 05:45:18.510] [sharedprocess] [info] Scanned user extensions: 0
[2019-03-03 05:50:18.517] [sharedprocess] [info] Scanned user extensions: 0
[2019-03-03 05:55:18.525] [sharedprocess] [info] Scanned user extensions: 0
[2019-03-03 06:00:18.533] [sharedprocess] [info] Scanned user extensions: 0
[2019-03-03 06:05:18.538] [sharedprocess] [info] Scanned user extensions: 0
[2019-03-03 06:10:18.545] [sharedprocess] [info] Scanned user extensions: 0
[2019-03-03 06:15:18.553] [sharedprocess] [info] Scanned user extensions: 0
[2019-03-03 06:20:18.561] [sharedprocess] [info] Scanned user extensions: 0
[2019-03-03 06:25:18.569] [sharedprocess] [info] Scanned user extensions: 0
[2019-03-03 06:30:18.577] [sharedprocess] [info] Scanned user extensions: 0
[2019-03-03 06:35:18.580] [sharedprocess] [info] Scanned user extensions: 0
[2019-03-03 06:40:18.588] [sharedprocess] [info] Scanned user extensions: 0
[2019-03-03 06:45:18.596] [sharedprocess] [info] Scanned user extensions: 0
[2019-03-03 06:50:18.603] [sharedprocess] [info] Scanned user extensions: 0
[2019-03-03 06:55:18.611] [sharedprocess] [info] Scanned user extensions: 0
[2019-03-03 07:00:18.620] [sharedprocess] [info] Scanned user extensions: 0
[2019-03-03 07:05:18.624] [sharedprocess] [info] Scanned user extensions: 0
[2019-03-03 07:10:18.631] [sharedprocess] [info] Scanned user extensions: 0
[2019-03-03 07:15:18.639] [sharedprocess] [info] Scanned user extensions: 0
[2019-03-03 07:20:18.644] [sharedprocess] [info] Scanned user extensions: 0
[2019-03-03 07:25:18.650] [sharedprocess] [info] Scanned user extensions: 0
[2019-03-03 07:30:18.657] [sharedprocess] [info] Scanned user extensions: 0
[2019-03-03 07:35:18.662] [sharedprocess] [info] Scanned user extensions: 0
[2019-03-03 07:40:18.670] [sharedprocess] [info] Scanned user extensions: 0
[2019-03-03 07:45:18.678] [sharedprocess] [info] Scanned user extensions: 0
[2019-03-03 07:50:18.682] [sharedprocess] [info] Scanned user extensions: 0
[2019-03-03 07:55:18.690] [sharedprocess] [info] Scanned user extensions: 0
[2019-03-03 08:00:18.700] [sharedprocess] [info] Scanned user extensions: 0
[2019-03-03 08:05:18.706] [sharedprocess] [info] Scanned user extensions: 0
[2019-03-03 08:10:18.713] [sharedprocess] [info] Scanned user extensions: 0
[2019-03-03 08:15:18.720] [sharedprocess] [info] Scanned user extensions: 0
[2019-03-03 08:20:18.725] [sharedprocess] [info] Scanned user extensions: 0
[2019-03-03 08:25:18.732] [sharedprocess] [info] Scanned user extensions: 0
[2019-03-03 08:30:18.740] [sharedprocess] [info] Scanned user extensions: 0
[2019-03-03 08:35:18.748] [sharedprocess] [info] Scanned user extensions: 0
[2019-03-03 08:40:18.756] [sharedprocess] [info] Scanned user extensions: 0
[2019-03-03 08:45:18.763] [sharedprocess] [info] Scanned user extensions: 0
[2019-03-03 08:50:18.771] [sharedprocess] [info] Scanned user extensions: 0
[2019-03-03 08:55:18.779] [sharedprocess] [info] Scanned user extensions: 0
[2019-03-03 09:00:18.788] [sharedprocess] [info] Scanned user extensions: 0
[2019-03-03 09:05:18.796] [sharedprocess] [info] Scanned user extensions: 0
[2019-03-03 09:10:18.803] [sharedprocess] [info] Scanned user extensions: 0
[2019-03-03 09:15:18.811] [sharedprocess] [info] Scanned user extensions: 0
[2019-03-03 09:20:18.819] [sharedprocess] [info] Scanned user extensions: 0
[2019-03-03 09:25:18.824] [sharedprocess] [info] Scanned user extensions: 0
[2019-03-03 09:30:18.833] [sharedprocess] [info] Scanned user extensions: 0
[2019-03-03 09:35:18.841] [sharedprocess] [info] Scanned user extensions: 0
[2019-03-03 09:40:18.848] [sharedprocess] [info] Scanned user extensions: 0
[2019-03-03 09:45:18.856] [sharedprocess] [info] Scanned user extensions: 0
[2019-03-03 09:50:18.861] [sharedprocess] [info] Scanned user extensions: 0
[2019-03-03 09:55:18.867] [sharedprocess] [info] Scanned user extensions: 0
[2019-03-03 10:00:18.875] [sharedprocess] [info] Scanned user extensions: 0
[2019-03-03 10:05:18.883] [sharedprocess] [info] Scanned user extensions: 0
[2019-03-03 10:10:18.888] [sharedprocess] [info] Scanned user extensions: 0
[2019-03-03 10:15:18.896] [sharedprocess] [info] Scanned user extensions: 0
[2019-03-03 10:20:18.904] [sharedprocess] [info] Scanned user extensions: 0
[2019-03-03 10:25:18.909] [sharedprocess] [info] Scanned user extensions: 0
[2019-03-03 10:30:18.917] [sharedprocess] [info] Scanned user extensions: 0
[2019-03-03 10:35:18.924] [sharedprocess] [info] Scanned user extensions: 0
[2019-03-03 10:40:18.929] [sharedprocess] [info] Scanned user extensions: 0
[2019-03-03 10:45:18.937] [sharedprocess] [info] Scanned user extensions: 0
[2019-03-03 10:50:18.946] [sharedprocess] [info] Scanned user extensions: 0
[2019-03-03 10:55:18.952] [sharedprocess] [info] Scanned user extensions: 0
[2019-03-03 11:00:18.960] [sharedprocess] [info] Scanned user extensions: 0
[2019-03-03 11:05:18.969] [sharedprocess] [info] Scanned user extensions: 0
[2019-03-03 11:10:18.976] [sharedprocess] [info] Scanned user extensions: 0
[2019-03-03 11:15:18.984] [sharedprocess] [info] Scanned user extensions: 0
[2019-03-03 11:20:18.992] [sharedprocess] [info] Scanned user extensions: 0
[2019-03-03 11:25:18.996] [sharedprocess] [info] Scanned user extensions: 0
[2019-03-03 11:30:19.004] [sharedprocess] [info] Scanned user extensions: 0
[2019-03-03 11:35:19.011] [sharedprocess] [info] Scanned user extensions: 0
[2019-03-03 11:40:19.019] [sharedprocess] [info] Scanned user extensions: 0
[2019-03-03 11:45:19.027] [sharedprocess] [info] Scanned user extensions: 0
[2019-03-03 11:50:19.030] [sharedprocess] [info] Scanned user extensions: 0
[2019-03-03 11:55:19.038] [sharedprocess] [info] Scanned user extensions: 0
[2019-03-03 12:00:19.045] [sharedprocess] [info] Scanned user extensions: 0
[2019-03-03 12:05:19.054] [sharedprocess] [info] Scanned user extensions: 0
[2019-03-03 12:10:19.061] [sharedprocess] [info] Scanned user extensions: 0
[2019-03-03 12:15:19.069] [sharedprocess] [info] Scanned user extensions: 0
[2019-03-03 12:20:19.077] [sharedprocess] [info] Scanned user extensions: 0
[2019-03-03 12:25:19.084] [sharedprocess] [info] Scanned user extensions: 0
[2019-03-03 12:30:19.092] [sharedprocess] [info] Scanned user extensions: 0
[2019-03-03 12:35:19.099] [sharedprocess] [info] Scanned user extensions: 0
[2019-03-03 12:40:19.107] [sharedprocess] [info] Scanned user extensions: 0
[2019-03-03 12:45:19.120] [sharedprocess] [info] Scanned user extensions: 0
[2019-03-03 12:50:19.128] [sharedprocess] [info] Scanned user extensions: 0
[2019-03-03 12:55:19.133] [sharedprocess] [info] Scanned user extensions: 0
[2019-03-03 13:00:19.139] [sharedprocess] [info] Scanned user extensions: 0
[2019-03-03 13:05:19.147] [sharedprocess] [info] Scanned user extensions: 0
[2019-03-03 13:10:19.155] [sharedprocess] [info] Scanned user extensions: 0
[2019-03-03 13:15:19.162] [sharedprocess] [info] Scanned user extensions: 0
[2019-03-03 13:20:19.168] [sharedprocess] [info] Scanned user extensions: 0
[2019-03-03 13:25:19.176] [sharedprocess] [info] Scanned user extensions: 0
[2019-03-03 13:30:19.179] [sharedprocess] [info] Scanned user extensions: 0
[2019-03-03 13:35:19.186] [sharedprocess] [info] Scanned user extensions: 0
[2019-03-03 13:40:19.194] [sharedprocess] [info] Scanned user extensions: 0
[2019-03-03 13:45:19.198] [sharedprocess] [info] Scanned user extensions: 0
[2019-03-03 13:50:19.206] [sharedprocess] [info] Scanned user extensions: 0
[2019-03-03 13:55:19.214] [sharedprocess] [info] Scanned user extensions: 0
[2019-03-03 14:00:19.221] [sharedprocess] [info] Scanned user extensions: 0
[2019-03-03 14:05:19.229] [sharedprocess] [info] Scanned user extensions: 0
[2019-03-03 14:10:19.238] [sharedprocess] [info] Scanned user extensions: 0
[2019-03-03 14:15:19.246] [sharedprocess] [info] Scanned user extensions: 0
[2019-03-03 14:20:19.254] [sharedprocess] [info] Scanned user extensions: 0
[2019-03-03 14:25:19.262] [sharedprocess] [info] Scanned user extensions: 0
[2019-03-03 14:30:19.270] [sharedprocess] [info] Scanned user extensions: 0
[2019-03-03 14:35:19.278] [sharedprocess] [info] Scanned user extensions: 0
[2019-03-03 14:40:19.286] [sharedprocess] [info] Scanned user extensions: 0
[2019-03-03 14:45:19.290] [sharedprocess] [info] Scanned user extensions: 0
[2019-03-03 14:50:19.297] [sharedprocess] [info] Scanned user extensions: 0
[2019-03-03 14:55:19.305] [sharedprocess] [info] Scanned user extensions: 0
[2019-03-03 15:00:19.313] [sharedprocess] [info] Scanned user extensions: 0
[2019-03-03 15:05:19.321] [sharedprocess] [info] Scanned user extensions: 0
[2019-03-03 15:10:19.329] [sharedprocess] [info] Scanned user extensions: 0
[2019-03-03 15:15:19.337] [sharedprocess] [info] Scanned user extensions: 0
[2019-03-03 15:20:19.345] [sharedprocess] [info] Scanned user extensions: 0
[2019-03-03 15:25:19.353] [sharedprocess] [info] Scanned user extensions: 0
[2019-03-03 15:30:19.370] [sharedprocess] [info] Scanned user extensions: 0
[2019-03-03 15:35:19.379] [sharedprocess] [info] Scanned user extensions: 0
[2019-03-03 15:40:19.386] [sharedprocess] [info] Scanned user extensions: 0
[2019-03-03 15:45:19.394] [sharedprocess] [info] Scanned user extensions: 0
[2019-03-03 15:50:19.398] [sharedprocess] [info] Scanned user extensions: 0
[2019-03-03 15:55:19.406] [sharedprocess] [info] Scanned user extensions: 0
[2019-03-03 16:00:19.419] [sharedprocess] [info] Scanned user extensions: 0
[2019-03-03 16:05:19.424] [sharedprocess] [info] Scanned user extensions: 0
[2019-03-03 16:10:19.429] [sharedprocess] [info] Scanned user extensions: 0
[2019-03-03 16:15:19.436] [sharedprocess] [info] Scanned user extensions: 0
[2019-03-03 16:20:19.442] [sharedprocess] [info] Scanned user extensions: 0
[2019-03-03 16:25:19.449] [sharedprocess] [info] Scanned user extensions: 0
[2019-03-03 16:30:19.457] [sharedprocess] [info] Scanned user extensions: 0
[2019-03-03 16:35:19.466] [sharedprocess] [info] Scanned user extensions: 0
[2019-03-03 16:40:19.474] [sharedprocess] [info] Scanned user extensions: 0
[2019-03-03 16:45:19.481] [sharedprocess] [info] Scanned user extensions: 0
[2019-03-03 16:50:19.489] [sharedprocess] [info] Scanned user extensions: 0
[2019-03-03 16:55:19.497] [sharedprocess] [info] Scanned user extensions: 0
[2019-03-03 17:00:19.505] [sharedprocess] [info] Scanned user extensions: 0
[2019-03-03 17:05:19.513] [sharedprocess] [info] Scanned user extensions: 0
[2019-03-03 17:10:19.521] [sharedprocess] [info] Scanned user extensions: 0
[2019-03-03 17:15:19.529] [sharedprocess] [info] Scanned user extensions: 0
[2019-03-03 17:20:19.537] [sharedprocess] [info] Scanned user extensions: 0
[2019-03-03 17:25:19.545] [sharedprocess] [info] Scanned user extensions: 0
[2019-03-03 17:30:19.553] [sharedprocess] [info] Scanned user extensions: 0
[2019-03-03 17:35:19.562] [sharedprocess] [info] Scanned user extensions: 0
[2019-03-03 17:40:19.571] [sharedprocess] [info] Scanned user extensions: 0
[2019-03-03 17:45:19.578] [sharedprocess] [info] Scanned user extensions: 0
[2019-03-03 17:50:19.586] [sharedprocess] [info] Scanned user extensions: 0
[2019-03-03 17:55:19.592] [sharedprocess] [info] Scanned user extensions: 0
[2019-03-03 18:00:19.600] [sharedprocess] [info] Scanned user extensions: 0
[2019-03-03 18:05:19.608] [sharedprocess] [info] Scanned user extensions: 0
[2019-03-03 18:10:19.616] [sharedprocess] [info] Scanned user extensions: 0
[2019-03-03 18:15:19.624] [sharedprocess] [info] Scanned user extensions: 0
[2019-03-03 18:20:19.632] [sharedprocess] [info] Scanned user extensions: 0
[2019-03-03 18:25:19.638] [sharedprocess] [info] Scanned user extensions: 0
[2019-03-03 18:30:19.646] [sharedprocess] [info] Scanned user extensions: 0
[2019-03-03 18:35:19.654] [sharedprocess] [info] Scanned user extensions: 0
[2019-03-03 18:40:19.662] [sharedprocess] [info] Scanned user extensions: 0
[2019-03-03 18:45:19.671] [sharedprocess] [info] Scanned user extensions: 0
[2019-03-03 18:50:19.679] [sharedprocess] [info] Scanned user extensions: 0
[2019-03-03 18:55:19.687] [sharedprocess] [info] Scanned user extensions: 0
[2019-03-03 19:00:19.696] [sharedprocess] [info] Scanned user extensions: 0
[2019-03-03 19:05:19.704] [sharedprocess] [info] Scanned user extensions: 0
[2019-03-03 19:10:19.712] [sharedprocess] [info] Scanned user extensions: 0
[2019-03-03 19:15:19.720] [sharedprocess] [info] Scanned user extensions: 0
[2019-03-03 19:20:19.727] [sharedprocess] [info] Scanned user extensions: 0
[2019-03-03 19:25:19.734] [sharedprocess] [info] Scanned user extensions: 0
[2019-03-03 19:30:19.742] [sharedprocess] [info] Scanned user extensions: 0
[2019-03-03 19:35:19.750] [sharedprocess] [info] Scanned user extensions: 0
[2019-03-03 19:40:19.757] [sharedprocess] [info] Scanned user extensions: 0
[2019-03-03 19:45:19.765] [sharedprocess] [info] Scanned user extensions: 0
[2019-03-03 19:50:19.772] [sharedprocess] [info] Scanned user extensions: 0
[2019-03-03 19:55:19.777] [sharedprocess] [info] Scanned user extensions: 0
[2019-03-03 20:00:19.785] [sharedprocess] [info] Scanned user extensions: 0
[2019-03-03 20:05:19.793] [sharedprocess] [info] Scanned user extensions: 0
[2019-03-03 20:10:19.798] [sharedprocess] [info] Scanned user extensions: 0
[2019-03-03 20:15:19.806] [sharedprocess] [info] Scanned user extensions: 0
[2019-03-03 20:20:19.814] [sharedprocess] [info] Scanned user extensions: 0
[2019-03-03 20:25:19.821] [sharedprocess] [info] Scanned user extensions: 0
[2019-03-03 20:30:19.828] [sharedprocess] [info] Scanned user extensions: 0
[2019-03-03 20:35:19.836] [sharedprocess] [info] Scanned user extensions: 0
[2019-03-03 20:40:19.844] [sharedprocess] [info] Scanned user extensions: 0
[2019-03-03 20:45:19.852] [sharedprocess] [info] Scanned user extensions: 0
[2019-03-03 20:50:19.859] [sharedprocess] [info] Scanned user extensions: 0
[2019-03-03 20:55:19.863] [sharedprocess] [info] Scanned user extensions: 0
[2019-03-03 21:00:19.871] [sharedprocess] [info] Scanned user extensions: 0
[2019-03-03 21:05:19.879] [sharedprocess] [info] Scanned user extensions: 0
[2019-03-03 21:10:19.887] [sharedprocess] [info] Scanned user extensions: 0
[2019-03-03 21:15:19.894] [sharedprocess] [info] Scanned user extensions: 0
[2019-03-03 21:20:19.901] [sharedprocess] [info] Scanned user extensions: 0
[2019-03-03 21:25:19.909] [sharedprocess] [info] Scanned user extensions: 0
[2019-03-03 21:30:19.918] [sharedprocess] [info] Scanned user extensions: 0
[2019-03-03 21:35:19.928] [sharedprocess] [info] Scanned user extensions: 0
[2019-03-03 21:40:19.937] [sharedprocess] [info] Scanned user extensions: 0
[2019-03-03 21:45:19.942] [sharedprocess] [info] Scanned user extensions: 0
[2019-03-03 21:50:19.949] [sharedprocess] [info] Scanned user extensions: 0
[2019-03-03 21:55:19.957] [sharedprocess] [info] Scanned user extensions: 0
[2019-03-03 22:00:19.965] [sharedprocess] [info] Scanned user extensions: 0
[2019-03-03 22:05:19.973] [sharedprocess] [info] Scanned user extensions: 0
[2019-03-03 22:10:19.981] [sharedprocess] [info] Scanned user extensions: 0
[2019-03-03 22:15:19.988] [sharedprocess] [info] Scanned user extensions: 0
[2019-03-03 22:20:19.996] [sharedprocess] [info] Scanned user extensions: 0
[2019-03-03 22:25:20.003] [sharedprocess] [info] Scanned user extensions: 0
[2019-03-03 22:30:20.012] [sharedprocess] [info] Scanned user extensions: 0
[2019-03-03 22:35:20.020] [sharedprocess] [info] Scanned user extensions: 0
[2019-03-03 22:40:20.029] [sharedprocess] [info] Scanned user extensions: 0
[2019-03-03 22:45:20.034] [sharedprocess] [info] Scanned user extensions: 0
[2019-03-03 22:50:20.042] [sharedprocess] [info] Scanned user extensions: 0
[2019-03-03 22:55:20.050] [sharedprocess] [info] Scanned user extensions: 0
[2019-03-03 23:00:20.055] [sharedprocess] [info] Scanned user extensions: 0
[2019-03-03 23:05:20.063] [sharedprocess] [info] Scanned user extensions: 0
[2019-03-03 23:10:20.071] [sharedprocess] [info] Scanned user extensions: 0
[2019-03-03 23:15:20.076] [sharedprocess] [info] Scanned user extensions: 0
[2019-03-03 23:20:20.084] [sharedprocess] [info] Scanned user extensions: 0
[2019-03-03 23:25:20.092] [sharedprocess] [info] Scanned user extensions: 0
[2019-03-03 23:30:20.095] [sharedprocess] [info] Scanned user extensions: 0
[2019-03-03 23:35:20.101] [sharedprocess] [info] Scanned user extensions: 0
[2019-03-03 23:40:20.109] [sharedprocess] [info] Scanned user extensions: 0
[2019-03-03 23:45:20.117] [sharedprocess] [info] Scanned user extensions: 0
[2019-03-03 23:50:20.123] [sharedprocess] [info] Scanned user extensions: 0
[2019-03-03 23:55:20.131] [sharedprocess] [info] Scanned user extensions: 0
[2019-03-04 00:00:20.140] [sharedprocess] [info] Scanned user extensions: 0
[2019-03-04 00:05:20.148] [sharedprocess] [info] Scanned user extensions: 0
[2019-03-04 00:10:20.156] [sharedprocess] [info] Scanned user extensions: 0
[2019-03-04 00:15:20.164] [sharedprocess] [info] Scanned user extensions: 0
[2019-03-04 00:20:20.171] [sharedprocess] [info] Scanned user extensions: 0
[2019-03-04 00:25:20.179] [sharedprocess] [info] Scanned user extensions: 0
[2019-03-04 00:30:20.186] [sharedprocess] [info] Scanned user extensions: 0
[2019-03-04 00:35:20.194] [sharedprocess] [info] Scanned user extensions: 0
[2019-03-04 00:40:20.202] [sharedprocess] [info] Scanned user extensions: 0
[2019-03-04 00:45:20.209] [sharedprocess] [info] Scanned user extensions: 0
[2019-03-04 00:50:20.217] [sharedprocess] [info] Scanned user extensions: 0
[2019-03-04 00:55:20.226] [sharedprocess] [info] Scanned user extensions: 0
[2019-03-04 01:00:20.234] [sharedprocess] [info] Scanned user extensions: 0
[2019-03-04 01:05:20.239] [sharedprocess] [info] Scanned user extensions: 0
[2019-03-04 01:10:20.247] [sharedprocess] [info] Scanned user extensions: 0
[2019-03-04 01:15:20.252] [sharedprocess] [info] Scanned user extensions: 0
[2019-03-04 01:20:20.258] [sharedprocess] [info] Scanned user extensions: 0
[2019-03-04 01:25:20.268] [sharedprocess] [info] Scanned user extensions: 0
[2019-03-04 01:30:20.275] [sharedprocess] [info] Scanned user extensions: 0
[2019-03-04 01:35:20.283] [sharedprocess] [info] Scanned user extensions: 0
[2019-03-04 01:40:20.290] [sharedprocess] [info] Scanned user extensions: 0
[2019-03-04 01:45:20.298] [sharedprocess] [info] Scanned user extensions: 0
[2019-03-04 01:50:20.305] [sharedprocess] [info] Scanned user extensions: 0
[2019-03-04 01:55:20.313] [sharedprocess] [info] Scanned user extensions: 0
[2019-03-04 02:00:20.323] [sharedprocess] [info] Scanned user extensions: 0
[2019-03-04 02:05:20.330] [sharedprocess] [info] Scanned user extensions: 0
[2019-03-04 02:10:20.338] [sharedprocess] [info] Scanned user extensions: 0
[2019-03-04 02:15:20.346] [sharedprocess] [info] Scanned user extensions: 0
[2019-03-04 02:20:20.353] [sharedprocess] [info] Scanned user extensions: 0
[2019-03-04 02:25:20.360] [sharedprocess] [info] Scanned user extensions: 0
[2019-03-04 02:30:20.368] [sharedprocess] [info] Scanned user extensions: 0
[2019-03-04 02:35:20.373] [sharedprocess] [info] Scanned user extensions: 0
[2019-03-04 02:40:20.380] [sharedprocess] [info] Scanned user extensions: 0
[2019-03-04 02:45:20.388] [sharedprocess] [info] Scanned user extensions: 0
[2019-03-04 02:50:20.393] [sharedprocess] [info] Scanned user extensions: 0
[2019-03-04 02:55:20.401] [sharedprocess] [info] Scanned user extensions: 0
[2019-03-04 03:00:20.408] [sharedprocess] [info] Scanned user extensions: 0
[2019-03-04 03:05:20.414] [sharedprocess] [info] Scanned user extensions: 0
[2019-03-04 03:10:20.423] [sharedprocess] [info] Scanned user extensions: 0
[2019-03-04 03:15:20.432] [sharedprocess] [info] Scanned user extensions: 0
[2019-03-04 03:20:20.443] [sharedprocess] [info] Scanned user extensions: 0
[2019-03-04 03:25:20.451] [sharedprocess] [info] Scanned user extensions: 0
[2019-03-04 03:30:20.459] [sharedprocess] [info] Scanned user extensions: 0
[2019-03-04 03:35:20.467] [sharedprocess] [info] Scanned user extensions: 0
[2019-03-04 03:40:20.475] [sharedprocess] [info] Scanned user extensions: 0
[2019-03-04 03:45:20.482] [sharedprocess] [info] Scanned user extensions: 0
[2019-03-04 03:50:20.490] [sharedprocess] [info] Scanned user extensions: 0
[2019-03-04 03:55:20.498] [sharedprocess] [info] Scanned user extensions: 0
[2019-03-04 04:00:20.506] [sharedprocess] [info] Scanned user extensions: 0
[2019-03-04 04:05:20.513] [sharedprocess] [info] Scanned user extensions: 0
[2019-03-04 04:10:20.519] [sharedprocess] [info] Scanned user extensions: 0
[2019-03-04 04:15:20.527] [sharedprocess] [info] Scanned user extensions: 0
[2019-03-04 04:20:20.535] [sharedprocess] [info] Scanned user extensions: 0
[2019-03-04 04:25:20.541] [sharedprocess] [info] Scanned user extensions: 0
[2019-03-04 04:30:20.546] [sharedprocess] [info] Scanned user extensions: 0
[2019-03-04 04:35:20.554] [sharedprocess] [info] Scanned user extensions: 0
[2019-03-04 04:40:20.558] [sharedprocess] [info] Scanned user extensions: 0
[2019-03-04 04:45:20.564] [sharedprocess] [info] Scanned user extensions: 0
[2019-03-04 04:50:20.572] [sharedprocess] [info] Scanned user extensions: 0
[2019-03-04 04:55:20.575] [sharedprocess] [info] Scanned user extensions: 0
[2019-03-04 05:00:20.584] [sharedprocess] [info] Scanned user extensions: 0
[2019-03-04 05:05:20.592] [sharedprocess] [info] Scanned user extensions: 0
[2019-03-04 05:10:20.600] [sharedprocess] [info] Scanned user extensions: 0
[2019-03-04 05:15:20.608] [sharedprocess] [info] Scanned user extensions: 0
[2019-03-04 05:20:20.616] [sharedprocess] [info] Scanned user extensions: 0
[2019-03-04 05:25:20.622] [sharedprocess] [info] Scanned user extensions: 0
[2019-03-04 05:30:20.631] [sharedprocess] [info] Scanned user extensions: 0
[2019-03-04 05:35:20.639] [sharedprocess] [info] Scanned user extensions: 0
[2019-03-04 05:40:20.646] [sharedprocess] [info] Scanned user extensions: 0
[2019-03-04 05:45:20.652] [sharedprocess] [info] Scanned user extensions: 0
[2019-03-04 05:50:20.660] [sharedprocess] [info] Scanned user extensions: 0
[2019-03-04 05:55:20.669] [sharedprocess] [info] Scanned user extensions: 0
[2019-03-04 06:00:20.674] [sharedprocess] [info] Scanned user extensions: 0
[2019-03-04 06:05:20.686] [sharedprocess] [info] Scanned user extensions: 0
[2019-03-04 06:10:20.694] [sharedprocess] [info] Scanned user extensions: 0
[2019-03-04 06:15:20.698] [sharedprocess] [info] Scanned user extensions: 0
[2019-03-04 06:20:20.706] [sharedprocess] [info] Scanned user extensions: 0
[2019-03-04 06:25:20.714] [sharedprocess] [info] Scanned user extensions: 0
[2019-03-04 06:30:20.717] [sharedprocess] [info] Scanned user extensions: 0
[2019-03-04 06:35:20.721] [sharedprocess] [info] Scanned user extensions: 0
[2019-03-04 06:40:20.729] [sharedprocess] [info] Scanned user extensions: 0
[2019-03-04 06:45:20.737] [sharedprocess] [info] Scanned user extensions: 0
[2019-03-04 06:50:20.745] [sharedprocess] [info] Scanned user extensions: 0
[2019-03-04 06:55:20.753] [sharedprocess] [info] Scanned user extensions: 0
[2019-03-04 07:00:20.760] [sharedprocess] [info] Scanned user extensions: 0
[2019-03-04 07:05:20.767] [sharedprocess] [info] Scanned user extensions: 0
[2019-03-04 07:10:20.775] [sharedprocess] [info] Scanned user extensions: 0
[2019-03-04 07:15:20.783] [sharedprocess] [info] Scanned user extensions: 0
[2019-03-04 07:20:20.791] [sharedprocess] [info] Scanned user extensions: 0
[2019-03-04 07:25:20.799] [sharedprocess] [info] Scanned user extensions: 0
[2019-03-04 07:30:20.807] [sharedprocess] [info] Scanned user extensions: 0
[2019-03-04 07:35:20.814] [sharedprocess] [info] Scanned user extensions: 0
[2019-03-04 07:40:20.821] [sharedprocess] [info] Scanned user extensions: 0
[2019-03-04 07:45:20.830] [sharedprocess] [info] Scanned user extensions: 0
[2019-03-04 07:50:20.834] [sharedprocess] [info] Scanned user extensions: 0
[2019-03-04 07:55:20.840] [sharedprocess] [info] Scanned user extensions: 0
[2019-03-04 08:00:20.849] [sharedprocess] [info] Scanned user extensions: 0
[2019-03-04 08:05:20.855] [sharedprocess] [info] Scanned user extensions: 0
[2019-03-04 08:10:20.863] [sharedprocess] [info] Scanned user extensions: 0
